mode: atomic
github.com/cbiale/sensorwave/tipos/gob.go:100.51,103.42 3 25
github.com/cbiale/sensorwave/tipos/gob.go:103.42,105.3 1 2
github.com/cbiale/sensorwave/tipos/gob.go:106.2,106.28 1 23
github.com/cbiale/sensorwave/tipos/gob.go:110.56,114.2 3 25
github.com/cbiale/sensorwave/tipos/gob.go:120.13,151.2 21 1
github.com/cbiale/sensorwave/tipos/nodo.go:32.42,33.19 1 0
github.com/cbiale/sensorwave/tipos/nodo.go:33.19,35.3 1 0
github.com/cbiale/sensorwave/tipos/nodo.go:36.2,36.36 1 0
github.com/cbiale/sensorwave/tipos/nodo.go:36.36,38.3 1 0
github.com/cbiale/sensorwave/tipos/nodo.go:39.2,41.36 3 0
github.com/cbiale/sensorwave/tipos/nodo.go:41.36,43.3 1 0
github.com/cbiale/sensorwave/tipos/nodo.go:44.2,44.31 1 0
github.com/cbiale/sensorwave/tipos/nodo.go:44.31,45.19 1 0
github.com/cbiale/sensorwave/tipos/nodo.go:45.19,46.12 1 0
github.com/cbiale/sensorwave/tipos/nodo.go:48.3,48.29 1 0
github.com/cbiale/sensorwave/tipos/nodo.go:48.29,50.4 1 0
github.com/cbiale/sensorwave/tipos/nodo.go:52.2,52.13 1 0
github.com/cbiale/sensorwave/tipos/nodo.go:56.41,58.2 1 0
github.com/cbiale/sensorwave/tipos/s3.go:27.44,28.24 1 15
github.com/cbiale/sensorwave/tipos/s3.go:28.24,30.3 1 3
github.com/cbiale/sensorwave/tipos/s3.go:31.2,31.27 1 12
github.com/cbiale/sensorwave/tipos/s3.go:31.27,33.3 1 2
github.com/cbiale/sensorwave/tipos/s3.go:34.2,34.31 1 10
github.com/cbiale/sensorwave/tipos/s3.go:34.31,36.3 1 2
github.com/cbiale/sensorwave/tipos/s3.go:37.2,37.22 1 8
github.com/cbiale/sensorwave/tipos/s3.go:37.22,39.3 1 2
github.com/cbiale/sensorwave/tipos/s3.go:41.2,41.12 1 6
github.com/cbiale/sensorwave/tipos/s3.go:45.47,46.22 1 10
github.com/cbiale/sensorwave/tipos/s3.go:46.22,48.3 1 7
github.com/cbiale/sensorwave/tipos/s3.go:70.62,72.38 2 8
github.com/cbiale/sensorwave/tipos/s3.go:72.38,74.3 1 4
github.com/cbiale/sensorwave/tipos/s3.go:76.2,84.16 2 4
github.com/cbiale/sensorwave/tipos/s3.go:84.16,86.3 1 0
github.com/cbiale/sensorwave/tipos/s3.go:88.2,88.54 1 4
github.com/cbiale/sensorwave/tipos/s3.go:88.54,91.3 2 4
github.com/cbiale/sensorwave/tipos/tipo_datos.go:12.37,14.2 1 33
github.com/cbiale/sensorwave/tipos/tipo_datos.go:17.49,19.2 1 12
github.com/cbiale/sensorwave/tipos/tipo_datos.go:22.51,25.2 2 7
github.com/cbiale/sensorwave/tipos/tipo_datos.go:64.61,65.57 1 31
github.com/cbiale/sensorwave/tipos/tipo_datos.go:65.57,67.3 1 28
github.com/cbiale/sensorwave/tipos/tipo_datos.go:69.2,69.40 1 3
github.com/cbiale/sensorwave/tipos/tipo_datos.go:73.65,75.31 2 26
github.com/cbiale/sensorwave/tipos/tipo_datos.go:75.31,76.15 1 64
github.com/cbiale/sensorwave/tipos/tipo_datos.go:76.15,78.4 1 14
github.com/cbiale/sensorwave/tipos/tipo_datos.go:80.2,81.23 1 12
github.com/cbiale/sensorwave/despachador/despachador.go:69.46,75.2 1 9
github.com/cbiale/sensorwave/despachador/despachador.go:78.154,81.16 2 4
github.com/cbiale/sensorwave/despachador/despachador.go:81.16,83.3 1 0
github.com/cbiale/sensorwave/despachador/despachador.go:86.2,90.16 3 4
github.com/cbiale/sensorwave/despachador/despachador.go:90.16,92.3 1 0
github.com/cbiale/sensorwave/despachador/despachador.go:93.2,97.16 3 4
github.com/cbiale/sensorwave/despachador/despachador.go:97.16,99.3 1 1
github.com/cbiale/sensorwave/despachador/despachador.go:100.2,102.38 2 3
github.com/cbiale/sensorwave/despachador/despachador.go:102.38,105.3 2 1
github.com/cbiale/sensorwave/despachador/despachador.go:108.2,109.16 2 2
github.com/cbiale/sensorwave/despachador/despachador.go:109.16,111.3 1 0
github.com/cbiale/sensorwave/despachador/despachador.go:114.2,115.74 2 2
github.com/cbiale/sensorwave/despachador/despachador.go:115.74,117.3 1 1
github.com/cbiale/sensorwave/despachador/despachador.go:119.2,119.24 1 1
github.com/cbiale/sensorwave/despachador/despachador.go:123.160,126.16 2 3
github.com/cbiale/sensorwave/despachador/despachador.go:126.16,128.3 1 0
github.com/cbiale/sensorwave/despachador/despachador.go:131.2,135.16 3 3
github.com/cbiale/sensorwave/despachador/despachador.go:135.16,137.3 1 0
github.com/cbiale/sensorwave/despachador/despachador.go:138.2,142.16 3 3
github.com/cbiale/sensorwave/despachador/despachador.go:142.16,144.3 1 1
github.com/cbiale/sensorwave/despachador/despachador.go:145.2,147.38 2 2
github.com/cbiale/sensorwave/despachador/despachador.go:147.38,150.3 2 1
github.com/cbiale/sensorwave/despachador/despachador.go:153.2,154.16 2 1
github.com/cbiale/sensorwave/despachador/despachador.go:154.16,156.3 1 0
github.com/cbiale/sensorwave/despachador/despachador.go:159.2,160.74 2 1
github.com/cbiale/sensorwave/despachador/despachador.go:160.74,162.3 1 0
github.com/cbiale/sensorwave/despachador/despachador.go:164.2,164.24 1 1
github.com/cbiale/sensorwave/despachador/despachador.go:168.169,171.16 2 0
github.com/cbiale/sensorwave/despachador/despachador.go:171.16,173.3 1 0
github.com/cbiale/sensorwave/despachador/despachador.go:176.2,180.16 3 0
github.com/cbiale/sensorwave/despachador/despachador.go:180.16,182.3 1 0
github.com/cbiale/sensorwave/despachador/despachador.go:183.2,187.16 3 0
github.com/cbiale/sensorwave/despachador/despachador.go:187.16,189.3 1 0
github.com/cbiale/sensorwave/despachador/despachador.go:190.2,192.38 2 0
github.com/cbiale/sensorwave/despachador/despachador.go:192.38,195.3 2 0
github.com/cbiale/sensorwave/despachador/despachador.go:198.2,199.16 2 0
github.com/cbiale/sensorwave/despachador/despachador.go:199.16,201.3 1 0
github.com/cbiale/sensorwave/despachador/despachador.go:204.2,205.74 2 0
github.com/cbiale/sensorwave/despachador/despachador.go:205.74,207.3 1 0
github.com/cbiale/sensorwave/despachador/despachador.go:209.2,209.24 1 0
github.com/cbiale/sensorwave/despachador/despachador.go:213.193,216.16 2 0
github.com/cbiale/sensorwave/despachador/despachador.go:216.16,218.3 1 0
github.com/cbiale/sensorwave/despachador/despachador.go:221.2,225.16 3 0
github.com/cbiale/sensorwave/despachador/despachador.go:225.16,227.3 1 0
github.com/cbiale/sensorwave/despachador/despachador.go:228.2,232.16 3 0
github.com/cbiale/sensorwave/despachador/despachador.go:232.16,234.3 1 0
github.com/cbiale/sensorwave/despachador/despachador.go:235.2,237.38 2 0
github.com/cbiale/sensorwave/despachador/despachador.go:237.38,240.3 2 0
github.com/cbiale/sensorwave/despachador/despachador.go:243.2,244.16 2 0
github.com/cbiale/sensorwave/despachador/despachador.go:244.16,246.3 1 0
github.com/cbiale/sensorwave/despachador/despachador.go:249.2,250.74 2 0
github.com/cbiale/sensorwave/despachador/despachador.go:250.74,252.3 1 0
github.com/cbiale/sensorwave/despachador/despachador.go:254.2,254.24 1 0
github.com/cbiale/sensorwave/despachador/despachador.go:259.56,261.2 1 1
github.com/cbiale/sensorwave/despachador/despachador.go:265.75,270.27 3 6
github.com/cbiale/sensorwave/despachador/despachador.go:270.27,272.3 1 5
github.com/cbiale/sensorwave/despachador/despachador.go:272.8,276.17 3 1
github.com/cbiale/sensorwave/despachador/despachador.go:276.17,278.4 1 1
github.com/cbiale/sensorwave/despachador/despachador.go:282.2,286.16 3 5
github.com/cbiale/sensorwave/despachador/despachador.go:286.16,291.17 3 2
github.com/cbiale/sensorwave/despachador/despachador.go:291.17,293.4 1 1
github.com/cbiale/sensorwave/despachador/despachador.go:294.3,294.58 1 1
github.com/cbiale/sensorwave/despachador/despachador.go:298.2,299.29 2 4
github.com/cbiale/sensorwave/despachador/despachador.go:299.29,301.3 1 3
github.com/cbiale/sensorwave/despachador/despachador.go:301.8,303.3 1 1
github.com/cbiale/sensorwave/despachador/despachador.go:306.2,315.53 2 4
github.com/cbiale/sensorwave/despachador/despachador.go:315.53,317.3 1 0
github.com/cbiale/sensorwave/despachador/despachador.go:320.2,324.21 4 4
github.com/cbiale/sensorwave/despachador/despachador.go:328.45,334.2 4 5
github.com/cbiale/sensorwave/despachador/despachador.go:337.57,343.31 4 3
github.com/cbiale/sensorwave/despachador/despachador.go:343.31,345.3 1 4
github.com/cbiale/sensorwave/despachador/despachador.go:346.2,346.19 1 3
github.com/cbiale/sensorwave/despachador/despachador.go:350.48,354.6 3 4
github.com/cbiale/sensorwave/despachador/despachador.go:354.6,355.10 1 4
github.com/cbiale/sensorwave/despachador/despachador.go:356.17,357.10 1 4
github.com/cbiale/sensorwave/despachador/despachador.go:358.19,359.49 1 0
github.com/cbiale/sensorwave/despachador/despachador.go:359.49,361.5 1 0
github.com/cbiale/sensorwave/despachador/despachador.go:367.57,380.16 6 10
github.com/cbiale/sensorwave/despachador/despachador.go:380.16,382.3 1 1
github.com/cbiale/sensorwave/despachador/despachador.go:385.2,387.38 2 9
github.com/cbiale/sensorwave/despachador/despachador.go:387.38,395.17 3 5
github.com/cbiale/sensorwave/despachador/despachador.go:395.17,397.12 2 1
github.com/cbiale/sensorwave/despachador/despachador.go:401.3,403.17 3 4
github.com/cbiale/sensorwave/despachador/despachador.go:403.17,405.12 2 0
github.com/cbiale/sensorwave/despachador/despachador.go:409.3,410.53 2 4
github.com/cbiale/sensorwave/despachador/despachador.go:410.53,412.12 2 1
github.com/cbiale/sensorwave/despachador/despachador.go:415.3,415.35 1 3
github.com/cbiale/sensorwave/despachador/despachador.go:419.2,421.26 2 9
github.com/cbiale/sensorwave/despachador/despachador.go:421.26,423.3 1 3
github.com/cbiale/sensorwave/despachador/despachador.go:425.2,425.12 1 9
github.com/cbiale/sensorwave/despachador/despachador.go:437.51,439.2 1 36
github.com/cbiale/sensorwave/despachador/despachador.go:444.183,450.25 2 7
github.com/cbiale/sensorwave/despachador/despachador.go:450.25,453.3 2 0
github.com/cbiale/sensorwave/despachador/despachador.go:454.2,454.22 1 7
github.com/cbiale/sensorwave/despachador/despachador.go:454.22,457.3 2 0
github.com/cbiale/sensorwave/despachador/despachador.go:459.2,464.16 5 7
github.com/cbiale/sensorwave/despachador/despachador.go:464.16,466.3 1 2
github.com/cbiale/sensorwave/despachador/despachador.go:468.2,468.27 1 5
github.com/cbiale/sensorwave/despachador/despachador.go:468.27,470.3 1 1
github.com/cbiale/sensorwave/despachador/despachador.go:472.2,472.33 1 4
github.com/cbiale/sensorwave/despachador/despachador.go:476.118,482.16 3 5
github.com/cbiale/sensorwave/despachador/despachador.go:482.16,484.3 1 1
github.com/cbiale/sensorwave/despachador/despachador.go:486.2,488.16 3 4
github.com/cbiale/sensorwave/despachador/despachador.go:488.16,490.3 1 0
github.com/cbiale/sensorwave/despachador/despachador.go:492.2,498.16 2 4
github.com/cbiale/sensorwave/despachador/despachador.go:498.16,500.3 1 1
github.com/cbiale/sensorwave/despachador/despachador.go:502.2,502.24 1 3
github.com/cbiale/sensorwave/despachador/despachador.go:507.116,519.16 5 36
github.com/cbiale/sensorwave/despachador/despachador.go:519.16,521.3 1 3
github.com/cbiale/sensorwave/despachador/despachador.go:523.2,525.38 2 33
github.com/cbiale/sensorwave/despachador/despachador.go:525.38,530.22 3 17
github.com/cbiale/sensorwave/despachador/despachador.go:530.22,531.12 1 1
github.com/cbiale/sensorwave/despachador/despachador.go:534.3,536.24 3 16
github.com/cbiale/sensorwave/despachador/despachador.go:536.24,537.12 1 0
github.com/cbiale/sensorwave/despachador/despachador.go:540.3,541.17 2 16
github.com/cbiale/sensorwave/despachador/despachador.go:541.17,545.4 1 1
github.com/cbiale/sensorwave/despachador/despachador.go:547.3,548.17 2 16
github.com/cbiale/sensorwave/despachador/despachador.go:548.17,549.12 1 1
github.com/cbiale/sensorwave/despachador/despachador.go:554.3,554.49 1 15
github.com/cbiale/sensorwave/despachador/despachador.go:554.49,556.4 1 12
github.com/cbiale/sensorwave/despachador/despachador.go:560.2,562.28 2 33
github.com/cbiale/sensorwave/despachador/despachador.go:566.128,569.16 2 27
github.com/cbiale/sensorwave/despachador/despachador.go:569.16,571.3 1 2
github.com/cbiale/sensorwave/despachador/despachador.go:573.2,573.23 1 25
github.com/cbiale/sensorwave/despachador/despachador.go:573.23,575.3 1 24
github.com/cbiale/sensorwave/despachador/despachador.go:577.2,579.32 2 1
github.com/cbiale/sensorwave/despachador/despachador.go:579.32,581.17 2 1
github.com/cbiale/sensorwave/despachador/despachador.go:581.17,583.12 2 0
github.com/cbiale/sensorwave/despachador/despachador.go:587.3,587.34 1 1
github.com/cbiale/sensorwave/despachador/despachador.go:587.34,588.49 1 4
github.com/cbiale/sensorwave/despachador/despachador.go:588.49,590.5 1 2
github.com/cbiale/sensorwave/despachador/despachador.go:594.2,594.29 1 1
github.com/cbiale/sensorwave/despachador/despachador.go:599.165,611.16 6 28
github.com/cbiale/sensorwave/despachador/despachador.go:611.16,615.3 2 2
github.com/cbiale/sensorwave/despachador/despachador.go:617.2,617.27 1 26
github.com/cbiale/sensorwave/despachador/despachador.go:617.27,619.3 1 1
github.com/cbiale/sensorwave/despachador/despachador.go:621.2,621.33 1 25
github.com/cbiale/sensorwave/despachador/despachador.go:626.169,632.28 3 25
github.com/cbiale/sensorwave/despachador/despachador.go:632.28,635.3 2 2
github.com/cbiale/sensorwave/despachador/despachador.go:639.2,640.37 2 25
github.com/cbiale/sensorwave/despachador/despachador.go:640.37,641.21 1 28
github.com/cbiale/sensorwave/despachador/despachador.go:641.21,643.9 2 21
github.com/cbiale/sensorwave/despachador/despachador.go:647.2,647.24 1 25
github.com/cbiale/sensorwave/despachador/despachador.go:647.24,648.50 1 21
github.com/cbiale/sensorwave/despachador/despachador.go:648.50,649.91 1 50
github.com/cbiale/sensorwave/despachador/despachador.go:649.91,651.21 2 50
github.com/cbiale/sensorwave/despachador/despachador.go:651.21,654.6 2 50
github.com/cbiale/sensorwave/despachador/despachador.go:660.2,661.34 2 25
github.com/cbiale/sensorwave/despachador/despachador.go:661.34,663.3 1 51
github.com/cbiale/sensorwave/despachador/despachador.go:664.2,664.51 1 25
github.com/cbiale/sensorwave/despachador/despachador.go:664.51,666.3 1 32
github.com/cbiale/sensorwave/despachador/despachador.go:669.2,670.42 2 25
github.com/cbiale/sensorwave/despachador/despachador.go:670.42,672.3 1 51
github.com/cbiale/sensorwave/despachador/despachador.go:674.2,678.3 1 25
github.com/cbiale/sensorwave/despachador/despachador.go:683.130,684.26 1 21
github.com/cbiale/sensorwave/despachador/despachador.go:684.26,686.3 1 1
github.com/cbiale/sensorwave/despachador/despachador.go:689.2,692.33 3 20
github.com/cbiale/sensorwave/despachador/despachador.go:692.33,693.45 1 28
github.com/cbiale/sensorwave/despachador/despachador.go:693.45,694.39 1 28
github.com/cbiale/sensorwave/despachador/despachador.go:694.39,696.5 1 28
github.com/cbiale/sensorwave/despachador/despachador.go:697.4,697.45 1 28
github.com/cbiale/sensorwave/despachador/despachador.go:697.45,698.73 1 59
github.com/cbiale/sensorwave/despachador/despachador.go:698.73,700.22 2 59
github.com/cbiale/sensorwave/despachador/despachador.go:700.22,703.7 2 59
github.com/cbiale/sensorwave/despachador/despachador.go:710.2,711.34 2 20
github.com/cbiale/sensorwave/despachador/despachador.go:711.34,713.3 1 28
github.com/cbiale/sensorwave/despachador/despachador.go:714.2,718.34 3 20
github.com/cbiale/sensorwave/despachador/despachador.go:718.34,720.3 1 48
github.com/cbiale/sensorwave/despachador/despachador.go:721.2,721.51 1 20
github.com/cbiale/sensorwave/despachador/despachador.go:721.51,723.3 1 39
github.com/cbiale/sensorwave/despachador/despachador.go:726.2,727.42 2 20
github.com/cbiale/sensorwave/despachador/despachador.go:727.42,729.40 2 48
github.com/cbiale/sensorwave/despachador/despachador.go:729.40,730.59 1 65
github.com/cbiale/sensorwave/despachador/despachador.go:730.59,731.62 1 65
github.com/cbiale/sensorwave/despachador/despachador.go:731.62,733.6 1 59
github.com/cbiale/sensorwave/despachador/despachador.go:738.2,742.3 1 20
github.com/cbiale/sensorwave/despachador/despachador.go:749.138,752.16 2 23
github.com/cbiale/sensorwave/despachador/despachador.go:752.16,754.3 1 5
github.com/cbiale/sensorwave/despachador/despachador.go:756.2,769.39 5 18
github.com/cbiale/sensorwave/despachador/despachador.go:769.39,770.28 1 24
github.com/cbiale/sensorwave/despachador/despachador.go:770.28,787.4 6 24
github.com/cbiale/sensorwave/despachador/despachador.go:791.2,794.46 3 18
github.com/cbiale/sensorwave/despachador/despachador.go:794.46,798.23 2 24
github.com/cbiale/sensorwave/despachador/despachador.go:798.23,800.4 1 1
github.com/cbiale/sensorwave/despachador/despachador.go:803.3,803.25 1 24
github.com/cbiale/sensorwave/despachador/despachador.go:803.25,805.4 1 0
github.com/cbiale/sensorwave/despachador/despachador.go:808.3,808.36 1 24
github.com/cbiale/sensorwave/despachador/despachador.go:808.36,810.4 1 24
github.com/cbiale/sensorwave/despachador/despachador.go:814.2,814.46 1 18
github.com/cbiale/sensorwave/despachador/despachador.go:814.46,816.3 1 1
github.com/cbiale/sensorwave/despachador/despachador.go:819.2,819.60 1 17
github.com/cbiale/sensorwave/despachador/despachador.go:830.145,833.16 2 4
github.com/cbiale/sensorwave/despachador/despachador.go:833.16,835.3 1 1
github.com/cbiale/sensorwave/despachador/despachador.go:838.2,839.45 2 3
github.com/cbiale/sensorwave/despachador/despachador.go:839.45,842.3 2 0
github.com/cbiale/sensorwave/despachador/despachador.go:842.8,845.3 2 3
github.com/cbiale/sensorwave/despachador/despachador.go:848.2,857.39 3 3
github.com/cbiale/sensorwave/despachador/despachador.go:857.39,858.28 1 3
github.com/cbiale/sensorwave/despachador/despachador.go:858.28,865.45 5 3
github.com/cbiale/sensorwave/despachador/despachador.go:865.45,867.38 1 1
github.com/cbiale/sensorwave/despachador/despachador.go:867.38,868.22 1 1
github.com/cbiale/sensorwave/despachador/despachador.go:868.22,872.12 4 1
github.com/cbiale/sensorwave/despachador/despachador.go:878.4,878.19 1 3
github.com/cbiale/sensorwave/despachador/despachador.go:878.19,880.39 2 2
github.com/cbiale/sensorwave/despachador/despachador.go:880.39,883.43 3 1
github.com/cbiale/sensorwave/despachador/despachador.go:883.43,886.33 2 1
github.com/cbiale/sensorwave/despachador/despachador.go:886.33,889.61 2 3
github.com/cbiale/sensorwave/despachador/despachador.go:889.61,890.62 1 3
github.com/cbiale/sensorwave/despachador/despachador.go:890.62,892.10 1 3
github.com/cbiale/sensorwave/despachador/despachador.go:895.7,895.27 1 1
github.com/cbiale/sensorwave/despachador/despachador.go:895.27,899.8 3 1
github.com/cbiale/sensorwave/despachador/despachador.go:904.4,909.5 1 3
github.com/cbiale/sensorwave/despachador/despachador.go:914.2,921.46 3 3
github.com/cbiale/sensorwave/despachador/despachador.go:921.46,923.13 2 3
github.com/cbiale/sensorwave/despachador/despachador.go:923.13,929.4 1 2
github.com/cbiale/sensorwave/despachador/despachador.go:932.2,932.22 1 3
github.com/cbiale/sensorwave/despachador/despachador.go:932.22,934.3 1 1
github.com/cbiale/sensorwave/despachador/despachador.go:937.2,937.41 1 2
github.com/cbiale/sensorwave/despachador/despachador.go:937.41,939.3 1 0
github.com/cbiale/sensorwave/despachador/despachador.go:942.2,948.27 2 2
github.com/cbiale/sensorwave/despachador/despachador.go:948.27,952.3 3 2
github.com/cbiale/sensorwave/despachador/despachador.go:954.2,954.23 1 2
github.com/cbiale/sensorwave/despachador/despachador.go:963.100,964.23 1 27
github.com/cbiale/sensorwave/despachador/despachador.go:964.23,966.3 1 1
github.com/cbiale/sensorwave/despachador/despachador.go:968.2,968.20 1 26
github.com/cbiale/sensorwave/despachador/despachador.go:969.32,971.29 2 16
github.com/cbiale/sensorwave/despachador/despachador.go:971.29,973.4 1 27
github.com/cbiale/sensorwave/despachador/despachador.go:974.3,974.43 1 16
github.com/cbiale/sensorwave/despachador/despachador.go:976.30,978.33 2 1
github.com/cbiale/sensorwave/despachador/despachador.go:978.33,979.15 1 2
github.com/cbiale/sensorwave/despachador/despachador.go:979.15,981.5 1 1
github.com/cbiale/sensorwave/despachador/despachador.go:983.3,983.18 1 1
github.com/cbiale/sensorwave/despachador/despachador.go:985.30,987.33 2 1
github.com/cbiale/sensorwave/despachador/despachador.go:987.33,988.15 1 2
github.com/cbiale/sensorwave/despachador/despachador.go:988.15,990.5 1 1
github.com/cbiale/sensorwave/despachador/despachador.go:992.3,992.18 1 1
github.com/cbiale/sensorwave/despachador/despachador.go:994.28,996.29 2 4
github.com/cbiale/sensorwave/despachador/despachador.go:996.29,998.4 1 6
github.com/cbiale/sensorwave/despachador/despachador.go:999.3,999.19 1 4
github.com/cbiale/sensorwave/despachador/despachador.go:1001.29,1002.36 1 3
github.com/cbiale/sensorwave/despachador/despachador.go:1004.10,1005.75 1 1
github.com/cbiale/sensorwave/despachador/despachador.go:1024.87,1031.34 4 37
github.com/cbiale/sensorwave/despachador/despachador.go:1031.34,1032.32 1 13
github.com/cbiale/sensorwave/despachador/despachador.go:1032.32,1033.46 1 14
github.com/cbiale/sensorwave/despachador/despachador.go:1033.46,1034.41 1 26
github.com/cbiale/sensorwave/despachador/despachador.go:1034.41,1040.6 1 18
github.com/cbiale/sensorwave/despachador/despachador.go:1043.8,1045.32 1 24
github.com/cbiale/sensorwave/despachador/despachador.go:1045.32,1046.50 1 19
github.com/cbiale/sensorwave/despachador/despachador.go:1046.50,1052.10 2 18
github.com/cbiale/sensorwave/despachador/despachador.go:1057.2,1057.26 1 37
github.com/cbiale/sensorwave/despachador/despachador.go:1057.26,1059.3 1 10
github.com/cbiale/sensorwave/despachador/despachador.go:1061.2,1061.24 1 27
github.com/cbiale/sensorwave/despachador/despachador.go:1072.38,1075.16 2 12
github.com/cbiale/sensorwave/despachador/despachador.go:1075.16,1077.3 1 2
github.com/cbiale/sensorwave/despachador/despachador.go:1080.2,1083.52 3 10
github.com/cbiale/sensorwave/despachador/despachador.go:1083.52,1086.42 2 14
github.com/cbiale/sensorwave/despachador/despachador.go:1086.42,1087.57 1 29
github.com/cbiale/sensorwave/despachador/despachador.go:1087.57,1088.28 1 29
github.com/cbiale/sensorwave/despachador/despachador.go:1089.18,1090.50 1 26
github.com/cbiale/sensorwave/despachador/despachador.go:1091.16,1092.59 1 3
github.com/cbiale/sensorwave/despachador/despachador.go:1093.13,1095.45 1 0
github.com/cbiale/sensorwave/despachador/despachador.go:1095.45,1097.7 1 0
github.com/cbiale/sensorwave/despachador/despachador.go:1102.3,1102.30 1 14
github.com/cbiale/sensorwave/despachador/despachador.go:1102.30,1104.18 2 13
github.com/cbiale/sensorwave/despachador/despachador.go:1104.18,1107.5 2 13
github.com/cbiale/sensorwave/despachador/despachador.go:1111.2,1111.30 1 10
github.com/cbiale/sensorwave/despachador/despachador.go:1111.30,1113.3 1 1
github.com/cbiale/sensorwave/despachador/despachador.go:1115.2,1118.8 1 9
github.com/cbiale/sensorwave/despachador/despachador.go:1131.46,1132.20 1 8
github.com/cbiale/sensorwave/despachador/despachador.go:1132.20,1134.3 1 1
github.com/cbiale/sensorwave/despachador/despachador.go:1137.2,1138.16 2 7
github.com/cbiale/sensorwave/despachador/despachador.go:1138.16,1140.3 1 2
github.com/cbiale/sensorwave/despachador/despachador.go:1142.2,1142.63 1 5
github.com/cbiale/sensorwave/despachador/despachador.go:1142.63,1144.3 1 1
github.com/cbiale/sensorwave/despachador/despachador.go:1147.2,1153.34 5 4
github.com/cbiale/sensorwave/despachador/despachador.go:1153.34,1155.34 2 9
github.com/cbiale/sensorwave/despachador/despachador.go:1155.34,1157.4 1 12
github.com/cbiale/sensorwave/despachador/despachador.go:1161.2,1164.49 3 4
github.com/cbiale/sensorwave/despachador/despachador.go:1164.49,1166.47 2 13
github.com/cbiale/sensorwave/despachador/despachador.go:1166.47,1167.12 1 0
github.com/cbiale/sensorwave/despachador/despachador.go:1170.3,1170.49 1 13
github.com/cbiale/sensorwave/despachador/despachador.go:1170.49,1172.20 2 17
github.com/cbiale/sensorwave/despachador/despachador.go:1172.20,1173.13 1 0
github.com/cbiale/sensorwave/despachador/despachador.go:1176.4,1177.29 2 17
github.com/cbiale/sensorwave/despachador/despachador.go:1178.17,1179.19 1 17
github.com/cbiale/sensorwave/despachador/despachador.go:1180.15,1181.28 1 0
github.com/cbiale/sensorwave/despachador/despachador.go:1182.12,1183.44 1 0
github.com/cbiale/sensorwave/despachador/despachador.go:1183.44,1185.6 1 0
github.com/cbiale/sensorwave/despachador/despachador.go:1185.11,1186.14 1 0
github.com/cbiale/sensorwave/despachador/despachador.go:1189.4,1189.89 1 17
github.com/cbiale/sensorwave/despachador/despachador.go:1194.2,1195.34 2 4
github.com/cbiale/sensorwave/despachador/despachador.go:1195.34,1197.34 2 9
github.com/cbiale/sensorwave/despachador/despachador.go:1197.34,1198.36 1 12
github.com/cbiale/sensorwave/despachador/despachador.go:1198.36,1200.5 1 0
github.com/cbiale/sensorwave/despachador/despachador.go:1200.10,1202.19 2 12
github.com/cbiale/sensorwave/despachador/despachador.go:1202.19,1204.6 1 0
github.com/cbiale/sensorwave/despachador/despachador.go:1204.11,1206.6 1 12
github.com/cbiale/sensorwave/despachador/despachador.go:1211.2,1215.8 1 4
github.com/cbiale/sensorwave/despachador/despachador.go:1219.71,1221.55 2 4
github.com/cbiale/sensorwave/despachador/despachador.go:1221.55,1223.3 1 9
github.com/cbiale/sensorwave/despachador/despachador.go:1224.2,1224.16 1 4
github.com/cbiale/sensorwave/despachador/despachador.go:1228.83,1229.27 1 13
github.com/cbiale/sensorwave/despachador/despachador.go:1229.27,1231.3 1 0
github.com/cbiale/sensorwave/despachador/despachador.go:1232.2,1233.23 2 13
github.com/cbiale/sensorwave/despachador/despachador.go:1233.23,1235.3 1 0
github.com/cbiale/sensorwave/despachador/despachador.go:1236.2,1236.12 1 13
github.com/cbiale/sensorwave/compresor/compresion_bits.go:60.75,61.23 1 9
github.com/cbiale/sensorwave/compresor/compresion_bits.go:61.23,63.3 1 1
github.com/cbiale/sensorwave/compresor/compresion_bits.go:66.2,67.28 2 8
github.com/cbiale/sensorwave/compresor/compresion_bits.go:67.28,69.3 1 131
github.com/cbiale/sensorwave/compresor/compresion_bits.go:72.2,74.31 3 8
github.com/cbiale/sensorwave/compresor/compresion_bits.go:74.31,75.14 1 131
github.com/cbiale/sensorwave/compresor/compresion_bits.go:75.14,77.4 1 0
github.com/cbiale/sensorwave/compresor/compresion_bits.go:78.3,78.14 1 131
github.com/cbiale/sensorwave/compresor/compresion_bits.go:78.14,80.4 1 36
github.com/cbiale/sensorwave/compresor/compresion_bits.go:84.2,87.19 3 8
github.com/cbiale/sensorwave/compresor/compresion_bits.go:87.19,90.3 1 2
github.com/cbiale/sensorwave/compresor/compresion_bits.go:90.8,93.3 1 6
github.com/cbiale/sensorwave/compresor/compresion_bits.go:96.2,104.25 6 8
github.com/cbiale/sensorwave/compresor/compresion_bits.go:104.25,106.3 1 2
github.com/cbiale/sensorwave/compresor/compresion_bits.go:109.2,110.31 2 6
github.com/cbiale/sensorwave/compresor/compresion_bits.go:110.31,113.3 2 126
github.com/cbiale/sensorwave/compresor/compresion_bits.go:116.2,118.28 2 6
github.com/cbiale/sensorwave/compresor/compresion_bits.go:122.76,123.21 1 9
github.com/cbiale/sensorwave/compresor/compresion_bits.go:123.21,125.3 1 1
github.com/cbiale/sensorwave/compresor/compresion_bits.go:127.2,134.73 5 8
github.com/cbiale/sensorwave/compresor/compresion_bits.go:134.73,136.3 1 0
github.com/cbiale/sensorwave/compresor/compresion_bits.go:137.2,137.71 1 8
github.com/cbiale/sensorwave/compresor/compresion_bits.go:137.71,139.3 1 0
github.com/cbiale/sensorwave/compresor/compresion_bits.go:140.2,140.71 1 8
github.com/cbiale/sensorwave/compresor/compresion_bits.go:140.71,142.3 1 0
github.com/cbiale/sensorwave/compresor/compresion_bits.go:143.2,143.82 1 8
github.com/cbiale/sensorwave/compresor/compresion_bits.go:143.82,145.3 1 0
github.com/cbiale/sensorwave/compresor/compresion_bits.go:148.2,148.25 1 8
github.com/cbiale/sensorwave/compresor/compresion_bits.go:148.25,150.38 2 2
github.com/cbiale/sensorwave/compresor/compresion_bits.go:150.38,152.4 1 5
github.com/cbiale/sensorwave/compresor/compresion_bits.go:153.3,153.24 1 2
github.com/cbiale/sensorwave/compresor/compresion_bits.go:157.2,164.37 5 6
github.com/cbiale/sensorwave/compresor/compresion_bits.go:164.37,166.17 2 126
github.com/cbiale/sensorwave/compresor/compresion_bits.go:166.17,168.4 1 0
github.com/cbiale/sensorwave/compresor/compresion_bits.go:170.3,171.53 2 126
github.com/cbiale/sensorwave/compresor/compresion_bits.go:174.2,174.23 1 6
github.com/cbiale/sensorwave/compresor/compresion_bloque_serie.go:22.111,27.16 3 14
github.com/cbiale/sensorwave/compresor/compresion_bloque_serie.go:27.16,29.3 1 0
github.com/cbiale/sensorwave/compresor/compresion_bloque_serie.go:32.2,33.16 2 14
github.com/cbiale/sensorwave/compresor/compresion_bloque_serie.go:33.16,35.3 1 0
github.com/cbiale/sensorwave/compresor/compresion_bloque_serie.go:38.2,39.16 2 14
github.com/cbiale/sensorwave/compresor/compresion_bloque_serie.go:39.16,41.3 1 0
github.com/cbiale/sensorwave/compresor/compresion_bloque_serie.go:44.2,46.19 2 14
github.com/cbiale/sensorwave/compresor/compresion_bloque_serie.go:47.21,48.93 1 5
github.com/cbiale/sensorwave/compresor/compresion_bloque_serie.go:49.18,50.90 1 4
github.com/cbiale/sensorwave/compresor/compresion_bloque_serie.go:51.21,52.93 1 2
github.com/cbiale/sensorwave/compresor/compresion_bloque_serie.go:53.18,54.90 1 3
github.com/cbiale/sensorwave/compresor/compresion_bloque_serie.go:55.10,56.70 1 0
github.com/cbiale/sensorwave/compresor/compresion_bloque_serie.go:59.2,59.16 1 14
github.com/cbiale/sensorwave/compresor/compresion_bloque_serie.go:59.16,61.3 1 1
github.com/cbiale/sensorwave/compresor/compresion_bloque_serie.go:64.2,64.37 1 13
github.com/cbiale/sensorwave/compresor/compresion_bloque_serie.go:64.37,66.3 1 0
github.com/cbiale/sensorwave/compresor/compresion_bloque_serie.go:68.2,68.24 1 13
github.com/cbiale/sensorwave/compresor/compresion_bloque_serie.go:72.141,76.25 3 5
github.com/cbiale/sensorwave/compresor/compresion_bloque_serie.go:77.24,79.55 2 1
github.com/cbiale/sensorwave/compresor/compresion_bloque_serie.go:80.17,82.55 2 1
github.com/cbiale/sensorwave/compresor/compresion_bloque_serie.go:83.18,85.55 2 1
github.com/cbiale/sensorwave/compresor/compresion_bloque_serie.go:86.27,88.55 2 1
github.com/cbiale/sensorwave/compresor/compresion_bloque_serie.go:89.10,90.92 1 1
github.com/cbiale/sensorwave/compresor/compresion_bloque_serie.go:93.2,93.16 1 4
github.com/cbiale/sensorwave/compresor/compresion_bloque_serie.go:93.16,95.3 1 0
github.com/cbiale/sensorwave/compresor/compresion_bloque_serie.go:97.2,98.25 2 4
github.com/cbiale/sensorwave/compresor/compresion_bloque_serie.go:98.25,100.3 1 14
github.com/cbiale/sensorwave/compresor/compresion_bloque_serie.go:101.2,101.24 1 4
github.com/cbiale/sensorwave/compresor/compresion_bloque_serie.go:105.138,109.25 3 4
github.com/cbiale/sensorwave/compresor/compresion_bloque_serie.go:110.24,112.55 2 1
github.com/cbiale/sensorwave/compresor/compresion_bloque_serie.go:113.17,115.55 2 1
github.com/cbiale/sensorwave/compresor/compresion_bloque_serie.go:116.17,118.55 2 1
github.com/cbiale/sensorwave/compresor/compresion_bloque_serie.go:119.27,121.55 2 1
github.com/cbiale/sensorwave/compresor/compresion_bloque_serie.go:122.10,123.89 1 0
github.com/cbiale/sensorwave/compresor/compresion_bloque_serie.go:126.2,126.16 1 4
github.com/cbiale/sensorwave/compresor/compresion_bloque_serie.go:126.16,128.3 1 0
github.com/cbiale/sensorwave/compresor/compresion_bloque_serie.go:130.2,131.25 2 4
github.com/cbiale/sensorwave/compresor/compresion_bloque_serie.go:131.25,133.3 1 13
github.com/cbiale/sensorwave/compresor/compresion_bloque_serie.go:134.2,134.24 1 4
github.com/cbiale/sensorwave/compresor/compresion_bloque_serie.go:138.141,142.25 3 2
github.com/cbiale/sensorwave/compresor/compresion_bloque_serie.go:143.17,145.55 2 1
github.com/cbiale/sensorwave/compresor/compresion_bloque_serie.go:146.27,148.55 2 1
github.com/cbiale/sensorwave/compresor/compresion_bloque_serie.go:149.10,150.92 1 0
github.com/cbiale/sensorwave/compresor/compresion_bloque_serie.go:153.2,153.16 1 2
github.com/cbiale/sensorwave/compresor/compresion_bloque_serie.go:153.16,155.3 1 0
github.com/cbiale/sensorwave/compresor/compresion_bloque_serie.go:157.2,158.25 2 2
github.com/cbiale/sensorwave/compresor/compresion_bloque_serie.go:158.25,160.3 1 6
github.com/cbiale/sensorwave/compresor/compresion_bloque_serie.go:161.2,161.24 1 2
github.com/cbiale/sensorwave/compresor/compresion_bloque_serie.go:165.138,169.25 3 3
github.com/cbiale/sensorwave/compresor/compresion_bloque_serie.go:170.25,172.55 2 1
github.com/cbiale/sensorwave/compresor/compresion_bloque_serie.go:173.17,175.55 2 1
github.com/cbiale/sensorwave/compresor/compresion_bloque_serie.go:176.27,178.55 2 1
github.com/cbiale/sensorwave/compresor/compresion_bloque_serie.go:179.10,180.89 1 0
github.com/cbiale/sensorwave/compresor/compresion_bloque_serie.go:183.2,183.16 1 3
github.com/cbiale/sensorwave/compresor/compresion_bloque_serie.go:183.16,185.3 1 0
github.com/cbiale/sensorwave/compresor/compresion_bloque_serie.go:187.2,188.25 2 3
github.com/cbiale/sensorwave/compresor/compresion_bloque_serie.go:188.25,190.3 1 9
github.com/cbiale/sensorwave/compresor/compresion_bloque_serie.go:191.2,191.24 1 3
github.com/cbiale/sensorwave/compresor/compresion_bloques.go:14.78,15.14 1 34
github.com/cbiale/sensorwave/compresor/compresion_bloques.go:16.17,17.25 1 9
github.com/cbiale/sensorwave/compresor/compresion_bloques.go:18.18,19.26 1 5
github.com/cbiale/sensorwave/compresor/compresion_bloques.go:20.20,21.28 1 7
github.com/cbiale/sensorwave/compresor/compresion_bloques.go:22.18,23.26 1 3
github.com/cbiale/sensorwave/compresor/compresion_bloques.go:24.21,25.35 1 9
github.com/cbiale/sensorwave/compresor/compresion_bloques.go:26.10,27.35 1 1
github.com/cbiale/sensorwave/compresor/compresion_bloques.go:34.74,36.2 1 6
github.com/cbiale/sensorwave/compresor/compresion_bloques.go:38.77,40.2 1 6
github.com/cbiale/sensorwave/compresor/compresion_deltadelta.go:43.81,44.23 1 19
github.com/cbiale/sensorwave/compresor/compresion_deltadelta.go:44.23,46.3 1 2
github.com/cbiale/sensorwave/compresor/compresion_deltadelta.go:48.2,52.80 3 17
github.com/cbiale/sensorwave/compresor/compresion_deltadelta.go:52.80,54.3 1 0
github.com/cbiale/sensorwave/compresor/compresion_deltadelta.go:56.2,56.23 1 17
github.com/cbiale/sensorwave/compresor/compresion_deltadelta.go:56.23,58.3 1 3
github.com/cbiale/sensorwave/compresor/compresion_deltadelta.go:61.2,62.22 2 14
github.com/cbiale/sensorwave/compresor/compresion_deltadelta.go:62.22,64.81 2 14
github.com/cbiale/sensorwave/compresor/compresion_deltadelta.go:64.81,66.4 1 0
github.com/cbiale/sensorwave/compresor/compresion_deltadelta.go:69.2,69.23 1 14
github.com/cbiale/sensorwave/compresor/compresion_deltadelta.go:69.23,71.3 1 2
github.com/cbiale/sensorwave/compresor/compresion_deltadelta.go:74.2,74.36 1 12
github.com/cbiale/sensorwave/compresor/compresion_deltadelta.go:74.36,83.46 5 130
github.com/cbiale/sensorwave/compresor/compresion_deltadelta.go:83.46,87.4 2 124
github.com/cbiale/sensorwave/compresor/compresion_deltadelta.go:87.9,87.57 1 6
github.com/cbiale/sensorwave/compresor/compresion_deltadelta.go:87.57,92.4 3 0
github.com/cbiale/sensorwave/compresor/compresion_deltadelta.go:92.9,92.67 1 6
github.com/cbiale/sensorwave/compresor/compresion_deltadelta.go:92.67,96.4 2 0
github.com/cbiale/sensorwave/compresor/compresion_deltadelta.go:96.9,100.4 2 6
github.com/cbiale/sensorwave/compresor/compresion_deltadelta.go:102.3,102.22 1 130
github.com/cbiale/sensorwave/compresor/compresion_deltadelta.go:105.2,105.28 1 12
github.com/cbiale/sensorwave/compresor/compresion_deltadelta.go:109.82,110.21 1 18
github.com/cbiale/sensorwave/compresor/compresion_deltadelta.go:110.21,112.3 1 2
github.com/cbiale/sensorwave/compresor/compresion_deltadelta.go:114.2,119.79 4 16
github.com/cbiale/sensorwave/compresor/compresion_deltadelta.go:119.79,121.3 1 0
github.com/cbiale/sensorwave/compresor/compresion_deltadelta.go:122.2,124.23 2 16
github.com/cbiale/sensorwave/compresor/compresion_deltadelta.go:124.23,126.3 1 2
github.com/cbiale/sensorwave/compresor/compresion_deltadelta.go:129.2,130.79 2 14
github.com/cbiale/sensorwave/compresor/compresion_deltadelta.go:130.79,132.3 1 0
github.com/cbiale/sensorwave/compresor/compresion_deltadelta.go:134.2,137.23 3 14
github.com/cbiale/sensorwave/compresor/compresion_deltadelta.go:137.23,139.3 1 2
github.com/cbiale/sensorwave/compresor/compresion_deltadelta.go:142.2,144.23 2 12
github.com/cbiale/sensorwave/compresor/compresion_deltadelta.go:144.23,147.17 2 130
github.com/cbiale/sensorwave/compresor/compresion_deltadelta.go:147.17,148.9 1 0
github.com/cbiale/sensorwave/compresor/compresion_deltadelta.go:151.3,153.15 2 130
github.com/cbiale/sensorwave/compresor/compresion_deltadelta.go:154.13,156.18 2 124
github.com/cbiale/sensorwave/compresor/compresion_deltadelta.go:156.18,158.5 1 0
github.com/cbiale/sensorwave/compresor/compresion_deltadelta.go:159.4,159.31 1 124
github.com/cbiale/sensorwave/compresor/compresion_deltadelta.go:161.13,165.48 4 0
github.com/cbiale/sensorwave/compresor/compresion_deltadelta.go:167.13,169.73 2 0
github.com/cbiale/sensorwave/compresor/compresion_deltadelta.go:169.73,171.5 1 0
github.com/cbiale/sensorwave/compresor/compresion_deltadelta.go:172.4,172.27 1 0
github.com/cbiale/sensorwave/compresor/compresion_deltadelta.go:174.13,175.80 1 6
github.com/cbiale/sensorwave/compresor/compresion_deltadelta.go:175.80,177.5 1 0
github.com/cbiale/sensorwave/compresor/compresion_deltadelta.go:179.11,180.71 1 0
github.com/cbiale/sensorwave/compresor/compresion_deltadelta.go:184.3,190.30 5 130
github.com/cbiale/sensorwave/compresor/compresion_deltadelta.go:193.2,193.23 1 12
github.com/cbiale/sensorwave/compresor/compresion_deltadelta.go:199.36,200.30 1 445
github.com/cbiale/sensorwave/compresor/compresion_deltadelta.go:201.13,202.13 1 408
github.com/cbiale/sensorwave/compresor/compresion_deltadelta.go:203.15,204.38 1 37
github.com/cbiale/sensorwave/compresor/compresion_deltadelta.go:205.10,206.11 1 0
github.com/cbiale/sensorwave/compresor/compresion_deltadelta.go:212.38,214.26 2 275
github.com/cbiale/sensorwave/compresor/compresion_deltadelta.go:215.13,216.20 1 261
github.com/cbiale/sensorwave/compresor/compresion_deltadelta.go:217.15,218.50 1 14
github.com/cbiale/sensorwave/compresor/compresion_deltadelta.go:219.10,220.14 1 0
github.com/cbiale/sensorwave/compresor/compresion_diccionario.go:26.76,27.23 1 9
github.com/cbiale/sensorwave/compresor/compresion_diccionario.go:27.23,29.3 1 1
github.com/cbiale/sensorwave/compresor/compresion_diccionario.go:32.2,37.30 5 8
github.com/cbiale/sensorwave/compresor/compresion_diccionario.go:37.30,38.38 1 129
github.com/cbiale/sensorwave/compresor/compresion_diccionario.go:38.38,41.4 1 108
github.com/cbiale/sensorwave/compresor/compresion_diccionario.go:41.9,43.23 1 21
github.com/cbiale/sensorwave/compresor/compresion_diccionario.go:43.23,45.5 1 0
github.com/cbiale/sensorwave/compresor/compresion_diccionario.go:46.4,49.12 4 21
github.com/cbiale/sensorwave/compresor/compresion_diccionario.go:53.2,56.89 2 8
github.com/cbiale/sensorwave/compresor/compresion_diccionario.go:56.89,58.3 1 0
github.com/cbiale/sensorwave/compresor/compresion_diccionario.go:61.2,61.32 1 8
github.com/cbiale/sensorwave/compresor/compresion_diccionario.go:61.32,62.25 1 21
github.com/cbiale/sensorwave/compresor/compresion_diccionario.go:62.25,64.4 1 0
github.com/cbiale/sensorwave/compresor/compresion_diccionario.go:66.3,66.88 1 21
github.com/cbiale/sensorwave/compresor/compresion_diccionario.go:66.88,68.4 1 0
github.com/cbiale/sensorwave/compresor/compresion_diccionario.go:70.3,70.54 1 21
github.com/cbiale/sensorwave/compresor/compresion_diccionario.go:70.54,72.4 1 0
github.com/cbiale/sensorwave/compresor/compresion_diccionario.go:76.2,78.16 3 8
github.com/cbiale/sensorwave/compresor/compresion_diccionario.go:78.16,80.3 1 0
github.com/cbiale/sensorwave/compresor/compresion_diccionario.go:83.2,85.28 2 8
github.com/cbiale/sensorwave/compresor/compresion_diccionario.go:88.77,89.21 1 9
github.com/cbiale/sensorwave/compresor/compresion_diccionario.go:89.21,91.3 1 1
github.com/cbiale/sensorwave/compresor/compresion_diccionario.go:93.2,97.78 3 8
github.com/cbiale/sensorwave/compresor/compresion_diccionario.go:97.78,99.3 1 0
github.com/cbiale/sensorwave/compresor/compresion_diccionario.go:102.2,103.42 2 8
github.com/cbiale/sensorwave/compresor/compresion_diccionario.go:103.42,106.75 2 21
github.com/cbiale/sensorwave/compresor/compresion_diccionario.go:106.75,108.4 1 0
github.com/cbiale/sensorwave/compresor/compresion_diccionario.go:111.3,112.50 2 21
github.com/cbiale/sensorwave/compresor/compresion_diccionario.go:112.50,114.4 1 0
github.com/cbiale/sensorwave/compresor/compresion_diccionario.go:115.3,115.32 1 21
github.com/cbiale/sensorwave/compresor/compresion_diccionario.go:119.2,120.59 2 8
github.com/cbiale/sensorwave/compresor/compresion_diccionario.go:120.59,122.3 1 0
github.com/cbiale/sensorwave/compresor/compresion_diccionario.go:125.2,127.16 3 8
github.com/cbiale/sensorwave/compresor/compresion_diccionario.go:127.16,129.3 1 0
github.com/cbiale/sensorwave/compresor/compresion_diccionario.go:132.2,133.30 2 8
github.com/cbiale/sensorwave/compresor/compresion_diccionario.go:133.30,134.24 1 129
github.com/cbiale/sensorwave/compresor/compresion_diccionario.go:134.24,136.4 1 0
github.com/cbiale/sensorwave/compresor/compresion_diccionario.go:137.3,137.30 1 129
github.com/cbiale/sensorwave/compresor/compresion_diccionario.go:140.2,140.23 1 8
github.com/cbiale/sensorwave/compresor/compresion_gzip.go:14.65,16.21 1 4
github.com/cbiale/sensorwave/compresor/compresion_gzip.go:16.21,18.3 1 1
github.com/cbiale/sensorwave/compresor/compresion_gzip.go:21.2,28.16 4 3
github.com/cbiale/sensorwave/compresor/compresion_gzip.go:28.16,30.3 1 0
github.com/cbiale/sensorwave/compresor/compresion_gzip.go:33.2,34.16 2 3
github.com/cbiale/sensorwave/compresor/compresion_gzip.go:34.16,36.3 1 0
github.com/cbiale/sensorwave/compresor/compresion_gzip.go:39.2,39.25 1 3
github.com/cbiale/sensorwave/compresor/compresion_gzip.go:43.68,45.21 1 4
github.com/cbiale/sensorwave/compresor/compresion_gzip.go:45.21,47.3 1 1
github.com/cbiale/sensorwave/compresor/compresion_gzip.go:50.5,51.16 2 3
github.com/cbiale/sensorwave/compresor/compresion_gzip.go:51.16,53.3 1 0
github.com/cbiale/sensorwave/compresor/compresion_gzip.go:54.2,58.16 3 3
github.com/cbiale/sensorwave/compresor/compresion_gzip.go:58.16,60.3 1 0
github.com/cbiale/sensorwave/compresor/compresion_gzip.go:63.2,63.23 1 3
github.com/cbiale/sensorwave/compresor/compresion_lz4.go:15.64,16.21 1 7
github.com/cbiale/sensorwave/compresor/compresion_lz4.go:16.21,18.3 1 1
github.com/cbiale/sensorwave/compresor/compresion_lz4.go:20.2,24.16 4 6
github.com/cbiale/sensorwave/compresor/compresion_lz4.go:24.16,26.3 1 0
github.com/cbiale/sensorwave/compresor/compresion_lz4.go:28.2,29.16 2 6
github.com/cbiale/sensorwave/compresor/compresion_lz4.go:29.16,31.3 1 0
github.com/cbiale/sensorwave/compresor/compresion_lz4.go:33.2,33.32 1 6
github.com/cbiale/sensorwave/compresor/compresion_lz4.go:36.67,37.21 1 7
github.com/cbiale/sensorwave/compresor/compresion_lz4.go:37.21,39.3 1 1
github.com/cbiale/sensorwave/compresor/compresion_lz4.go:41.2,43.16 3 6
github.com/cbiale/sensorwave/compresor/compresion_lz4.go:43.16,45.3 1 0
github.com/cbiale/sensorwave/compresor/compresion_lz4.go:47.2,47.23 1 6
github.com/cbiale/sensorwave/compresor/compresion_ninguno.go:24.78,25.23 1 33
github.com/cbiale/sensorwave/compresor/compresion_ninguno.go:25.23,27.3 1 4
github.com/cbiale/sensorwave/compresor/compresion_ninguno.go:29.2,35.29 3 29
github.com/cbiale/sensorwave/compresor/compresion_ninguno.go:36.13,39.34 2 8
github.com/cbiale/sensorwave/compresor/compresion_ninguno.go:39.34,40.72 1 1027
github.com/cbiale/sensorwave/compresor/compresion_ninguno.go:40.72,42.5 1 0
github.com/cbiale/sensorwave/compresor/compresion_ninguno.go:45.15,48.36 2 7
github.com/cbiale/sensorwave/compresor/compresion_ninguno.go:48.36,49.72 1 25
github.com/cbiale/sensorwave/compresor/compresion_ninguno.go:49.72,51.5 1 0
github.com/cbiale/sensorwave/compresor/compresion_ninguno.go:54.12,57.33 2 7
github.com/cbiale/sensorwave/compresor/compresion_ninguno.go:57.33,59.9 2 23
github.com/cbiale/sensorwave/compresor/compresion_ninguno.go:59.9,61.5 1 12
github.com/cbiale/sensorwave/compresor/compresion_ninguno.go:62.4,62.46 1 23
github.com/cbiale/sensorwave/compresor/compresion_ninguno.go:62.46,64.5 1 0
github.com/cbiale/sensorwave/compresor/compresion_ninguno.go:67.14,70.35 2 7
github.com/cbiale/sensorwave/compresor/compresion_ninguno.go:70.35,71.22 1 20
github.com/cbiale/sensorwave/compresor/compresion_ninguno.go:71.22,73.5 1 0
github.com/cbiale/sensorwave/compresor/compresion_ninguno.go:75.4,75.85 1 20
github.com/cbiale/sensorwave/compresor/compresion_ninguno.go:75.85,77.5 1 0
github.com/cbiale/sensorwave/compresor/compresion_ninguno.go:79.4,79.51 1 20
github.com/cbiale/sensorwave/compresor/compresion_ninguno.go:79.51,81.5 1 0
github.com/cbiale/sensorwave/compresor/compresion_ninguno.go:84.10,85.81 1 0
github.com/cbiale/sensorwave/compresor/compresion_ninguno.go:88.2,88.28 1 29
github.com/cbiale/sensorwave/compresor/compresion_ninguno.go:92.79,93.21 1 33
github.com/cbiale/sensorwave/compresor/compresion_ninguno.go:93.21,95.3 1 4
github.com/cbiale/sensorwave/compresor/compresion_ninguno.go:97.2,100.29 3 29
github.com/cbiale/sensorwave/compresor/compresion_ninguno.go:101.13,103.24 1 8
github.com/cbiale/sensorwave/compresor/compresion_ninguno.go:103.24,105.4 1 0
github.com/cbiale/sensorwave/compresor/compresion_ninguno.go:106.3,108.35 3 8
github.com/cbiale/sensorwave/compresor/compresion_ninguno.go:108.35,110.71 2 1027
github.com/cbiale/sensorwave/compresor/compresion_ninguno.go:110.71,112.5 1 0
github.com/cbiale/sensorwave/compresor/compresion_ninguno.go:113.4,113.30 1 1027
github.com/cbiale/sensorwave/compresor/compresion_ninguno.go:115.3,115.25 1 8
github.com/cbiale/sensorwave/compresor/compresion_ninguno.go:117.15,119.24 1 7
github.com/cbiale/sensorwave/compresor/compresion_ninguno.go:119.24,121.4 1 0
github.com/cbiale/sensorwave/compresor/compresion_ninguno.go:122.3,124.35 3 7
github.com/cbiale/sensorwave/compresor/compresion_ninguno.go:124.35,126.71 2 25
github.com/cbiale/sensorwave/compresor/compresion_ninguno.go:126.71,128.5 1 0
github.com/cbiale/sensorwave/compresor/compresion_ninguno.go:129.4,129.30 1 25
github.com/cbiale/sensorwave/compresor/compresion_ninguno.go:131.3,131.25 1 7
github.com/cbiale/sensorwave/compresor/compresion_ninguno.go:133.12,136.35 2 7
github.com/cbiale/sensorwave/compresor/compresion_ninguno.go:136.35,138.18 2 23
github.com/cbiale/sensorwave/compresor/compresion_ninguno.go:138.18,140.5 1 0
github.com/cbiale/sensorwave/compresor/compresion_ninguno.go:141.4,141.35 1 23
github.com/cbiale/sensorwave/compresor/compresion_ninguno.go:143.3,143.25 1 7
github.com/cbiale/sensorwave/compresor/compresion_ninguno.go:145.14,148.24 2 7
github.com/cbiale/sensorwave/compresor/compresion_ninguno.go:148.24,151.78 2 20
github.com/cbiale/sensorwave/compresor/compresion_ninguno.go:151.78,153.5 1 0
github.com/cbiale/sensorwave/compresor/compresion_ninguno.go:156.4,156.21 1 20
github.com/cbiale/sensorwave/compresor/compresion_ninguno.go:156.21,158.13 2 5
github.com/cbiale/sensorwave/compresor/compresion_ninguno.go:162.4,163.51 2 15
github.com/cbiale/sensorwave/compresor/compresion_ninguno.go:163.51,165.5 1 0
github.com/cbiale/sensorwave/compresor/compresion_ninguno.go:167.4,167.62 1 15
github.com/cbiale/sensorwave/compresor/compresion_ninguno.go:169.3,169.25 1 7
github.com/cbiale/sensorwave/compresor/compresion_ninguno.go:171.10,172.81 1 0
github.com/cbiale/sensorwave/compresor/compresion_rle.go:57.74,58.23 1 39
github.com/cbiale/sensorwave/compresor/compresion_rle.go:58.23,60.3 1 4
github.com/cbiale/sensorwave/compresor/compresion_rle.go:62.2,66.36 4 35
github.com/cbiale/sensorwave/compresor/compresion_rle.go:66.36,67.50 1 1291
github.com/cbiale/sensorwave/compresor/compresion_rle.go:67.50,69.4 1 1045
github.com/cbiale/sensorwave/compresor/compresion_rle.go:69.9,71.53 1 246
github.com/cbiale/sensorwave/compresor/compresion_rle.go:71.53,73.5 1 0
github.com/cbiale/sensorwave/compresor/compresion_rle.go:74.4,74.62 1 246
github.com/cbiale/sensorwave/compresor/compresion_rle.go:74.62,76.5 1 0
github.com/cbiale/sensorwave/compresor/compresion_rle.go:77.4,78.16 2 246
github.com/cbiale/sensorwave/compresor/compresion_rle.go:83.2,83.51 1 35
github.com/cbiale/sensorwave/compresor/compresion_rle.go:83.51,85.3 1 0
github.com/cbiale/sensorwave/compresor/compresion_rle.go:86.2,86.60 1 35
github.com/cbiale/sensorwave/compresor/compresion_rle.go:86.60,88.3 1 0
github.com/cbiale/sensorwave/compresor/compresion_rle.go:90.2,90.28 1 35
github.com/cbiale/sensorwave/compresor/compresion_rle.go:94.75,95.21 1 39
github.com/cbiale/sensorwave/compresor/compresion_rle.go:95.21,97.3 1 4
github.com/cbiale/sensorwave/compresor/compresion_rle.go:99.2,102.6 3 35
github.com/cbiale/sensorwave/compresor/compresion_rle.go:102.6,105.17 3 316
github.com/cbiale/sensorwave/compresor/compresion_rle.go:105.17,106.9 1 35
github.com/cbiale/sensorwave/compresor/compresion_rle.go:109.3,110.17 2 281
github.com/cbiale/sensorwave/compresor/compresion_rle.go:110.17,112.4 1 0
github.com/cbiale/sensorwave/compresor/compresion_rle.go:114.3,114.38 1 281
github.com/cbiale/sensorwave/compresor/compresion_rle.go:114.38,116.4 1 1326
github.com/cbiale/sensorwave/compresor/compresion_rle.go:119.2,119.24 1 35
github.com/cbiale/sensorwave/compresor/compresion_rle.go:124.64,127.16 2 281
github.com/cbiale/sensorwave/compresor/compresion_rle.go:127.16,129.41 1 12
github.com/cbiale/sensorwave/compresor/compresion_rle.go:129.41,131.24 1 12
github.com/cbiale/sensorwave/compresor/compresion_rle.go:131.24,133.5 1 0
github.com/cbiale/sensorwave/compresor/compresion_rle.go:134.4,134.86 1 12
github.com/cbiale/sensorwave/compresor/compresion_rle.go:134.86,136.5 1 0
github.com/cbiale/sensorwave/compresor/compresion_rle.go:137.4,138.14 2 12
github.com/cbiale/sensorwave/compresor/compresion_rle.go:140.3,140.13 1 0
github.com/cbiale/sensorwave/compresor/compresion_rle.go:142.2,142.12 1 269
github.com/cbiale/sensorwave/compresor/compresion_rle.go:146.56,151.16 3 281
github.com/cbiale/sensorwave/compresor/compresion_rle.go:151.16,153.3 1 269
github.com/cbiale/sensorwave/compresor/compresion_rle.go:156.2,156.38 1 12
github.com/cbiale/sensorwave/compresor/compresion_rle.go:156.38,158.77 2 12
github.com/cbiale/sensorwave/compresor/compresion_rle.go:158.77,160.4 1 0
github.com/cbiale/sensorwave/compresor/compresion_rle.go:163.3,163.20 1 12
github.com/cbiale/sensorwave/compresor/compresion_rle.go:163.20,165.4 1 1
github.com/cbiale/sensorwave/compresor/compresion_rle.go:167.3,168.50 2 11
github.com/cbiale/sensorwave/compresor/compresion_rle.go:168.50,170.4 1 0
github.com/cbiale/sensorwave/compresor/compresion_rle.go:173.3,174.27 2 11
github.com/cbiale/sensorwave/compresor/compresion_rle.go:177.2,177.19 1 0
github.com/cbiale/sensorwave/compresor/compresion_snappy.go:12.67,14.21 1 6
github.com/cbiale/sensorwave/compresor/compresion_snappy.go:14.21,16.3 1 1
github.com/cbiale/sensorwave/compresor/compresion_snappy.go:19.2,22.24 2 5
github.com/cbiale/sensorwave/compresor/compresion_snappy.go:26.70,28.21 1 6
github.com/cbiale/sensorwave/compresor/compresion_snappy.go:28.21,30.3 1 1
github.com/cbiale/sensorwave/compresor/compresion_snappy.go:33.2,34.16 2 5
github.com/cbiale/sensorwave/compresor/compresion_snappy.go:34.16,36.3 1 0
github.com/cbiale/sensorwave/compresor/compresion_snappy.go:39.2,39.27 1 5
github.com/cbiale/sensorwave/compresor/compresion_tiempo.go:10.69,11.26 1 23
github.com/cbiale/sensorwave/compresor/compresion_tiempo.go:11.26,13.3 1 1
github.com/cbiale/sensorwave/compresor/compresion_tiempo.go:15.2,24.23 5 22
github.com/cbiale/sensorwave/compresor/compresion_tiempo.go:24.23,26.3 1 2
github.com/cbiale/sensorwave/compresor/compresion_tiempo.go:29.2,30.22 2 20
github.com/cbiale/sensorwave/compresor/compresion_tiempo.go:30.22,33.3 2 20
github.com/cbiale/sensorwave/compresor/compresion_tiempo.go:35.2,35.23 1 20
github.com/cbiale/sensorwave/compresor/compresion_tiempo.go:35.23,37.3 1 5
github.com/cbiale/sensorwave/compresor/compresion_tiempo.go:40.2,40.36 1 15
github.com/cbiale/sensorwave/compresor/compresion_tiempo.go:40.36,49.58 5 126
github.com/cbiale/sensorwave/compresor/compresion_tiempo.go:49.58,53.4 2 120
github.com/cbiale/sensorwave/compresor/compresion_tiempo.go:53.9,53.69 1 6
github.com/cbiale/sensorwave/compresor/compresion_tiempo.go:53.69,58.4 3 4
github.com/cbiale/sensorwave/compresor/compresion_tiempo.go:58.9,58.79 1 2
github.com/cbiale/sensorwave/compresor/compresion_tiempo.go:58.79,62.4 2 1
github.com/cbiale/sensorwave/compresor/compresion_tiempo.go:62.9,66.4 2 1
github.com/cbiale/sensorwave/compresor/compresion_tiempo.go:68.3,71.36 2 126
github.com/cbiale/sensorwave/compresor/compresion_tiempo.go:74.2,74.18 1 15
github.com/cbiale/sensorwave/compresor/compresion_tiempo.go:78.67,79.21 1 24
github.com/cbiale/sensorwave/compresor/compresion_tiempo.go:79.21,81.3 1 1
github.com/cbiale/sensorwave/compresor/compresion_tiempo.go:83.2,83.20 1 23
github.com/cbiale/sensorwave/compresor/compresion_tiempo.go:83.20,85.3 1 1
github.com/cbiale/sensorwave/compresor/compresion_tiempo.go:87.2,95.26 6 22
github.com/cbiale/sensorwave/compresor/compresion_tiempo.go:95.26,97.3 1 2
github.com/cbiale/sensorwave/compresor/compresion_tiempo.go:100.2,100.27 1 20
github.com/cbiale/sensorwave/compresor/compresion_tiempo.go:100.27,102.3 1 0
github.com/cbiale/sensorwave/compresor/compresion_tiempo.go:104.2,109.26 5 20
github.com/cbiale/sensorwave/compresor/compresion_tiempo.go:109.26,111.3 1 5
github.com/cbiale/sensorwave/compresor/compresion_tiempo.go:114.2,116.26 2 15
github.com/cbiale/sensorwave/compresor/compresion_tiempo.go:116.26,117.28 1 126
github.com/cbiale/sensorwave/compresor/compresion_tiempo.go:117.28,118.9 1 0
github.com/cbiale/sensorwave/compresor/compresion_tiempo.go:122.3,127.15 4 126
github.com/cbiale/sensorwave/compresor/compresion_tiempo.go:128.13,129.29 1 120
github.com/cbiale/sensorwave/compresor/compresion_tiempo.go:129.29,131.5 1 0
github.com/cbiale/sensorwave/compresor/compresion_tiempo.go:132.4,133.12 2 120
github.com/cbiale/sensorwave/compresor/compresion_tiempo.go:135.13,136.29 1 4
github.com/cbiale/sensorwave/compresor/compresion_tiempo.go:136.29,138.5 1 0
github.com/cbiale/sensorwave/compresor/compresion_tiempo.go:139.4,140.15 2 4
github.com/cbiale/sensorwave/compresor/compresion_tiempo.go:142.13,143.29 1 1
github.com/cbiale/sensorwave/compresor/compresion_tiempo.go:143.29,145.5 1 0
github.com/cbiale/sensorwave/compresor/compresion_tiempo.go:146.4,147.15 2 1
github.com/cbiale/sensorwave/compresor/compresion_tiempo.go:149.13,150.29 1 1
github.com/cbiale/sensorwave/compresor/compresion_tiempo.go:150.29,152.5 1 0
github.com/cbiale/sensorwave/compresor/compresion_tiempo.go:153.4,154.15 2 1
github.com/cbiale/sensorwave/compresor/compresion_tiempo.go:156.11,157.71 1 0
github.com/cbiale/sensorwave/compresor/compresion_tiempo.go:161.3,168.32 5 126
github.com/cbiale/sensorwave/compresor/compresion_tiempo.go:171.2,171.23 1 15
github.com/cbiale/sensorwave/compresor/compresion_utils.go:12.35,14.25 2 56
github.com/cbiale/sensorwave/compresor/compresion_utils.go:14.25,16.3 1 448
github.com/cbiale/sensorwave/compresor/compresion_utils.go:17.2,17.14 1 56
github.com/cbiale/sensorwave/compresor/compresion_utils.go:21.39,22.20 1 57
github.com/cbiale/sensorwave/compresor/compresion_utils.go:22.20,24.3 1 1
github.com/cbiale/sensorwave/compresor/compresion_utils.go:25.2,26.25 2 56
github.com/cbiale/sensorwave/compresor/compresion_utils.go:26.25,28.3 1 448
github.com/cbiale/sensorwave/compresor/compresion_utils.go:29.2,29.10 1 56
github.com/cbiale/sensorwave/compresor/compresion_utils.go:33.35,35.25 2 1
github.com/cbiale/sensorwave/compresor/compresion_utils.go:35.25,37.3 1 4
github.com/cbiale/sensorwave/compresor/compresion_utils.go:38.2,38.14 1 1
github.com/cbiale/sensorwave/compresor/compresion_utils.go:42.39,43.20 1 1
github.com/cbiale/sensorwave/compresor/compresion_utils.go:43.20,45.3 1 0
github.com/cbiale/sensorwave/compresor/compresion_utils.go:46.2,47.25 2 1
github.com/cbiale/sensorwave/compresor/compresion_utils.go:47.25,49.3 1 4
github.com/cbiale/sensorwave/compresor/compresion_utils.go:50.2,50.10 1 1
github.com/cbiale/sensorwave/compresor/compresion_utils.go:54.64,56.38 2 1
github.com/cbiale/sensorwave/compresor/compresion_utils.go:56.38,58.3 1 4
github.com/cbiale/sensorwave/compresor/compresion_utils.go:59.2,59.16 1 1
github.com/cbiale/sensorwave/compresor/compresion_utils.go:63.58,65.38 2 23
github.com/cbiale/sensorwave/compresor/compresion_utils.go:65.38,67.3 1 171
github.com/cbiale/sensorwave/compresor/compresion_utils.go:68.2,68.16 1 23
github.com/cbiale/sensorwave/compresor/compresion_utils.go:74.67,76.28 2 6
github.com/cbiale/sensorwave/compresor/compresion_utils.go:76.28,77.26 1 10
github.com/cbiale/sensorwave/compresor/compresion_utils.go:78.12,79.29 1 3
github.com/cbiale/sensorwave/compresor/compresion_utils.go:80.14,81.29 1 2
github.com/cbiale/sensorwave/compresor/compresion_utils.go:82.14,83.22 1 2
github.com/cbiale/sensorwave/compresor/compresion_utils.go:84.16,85.29 1 2
github.com/cbiale/sensorwave/compresor/compresion_utils.go:86.11,87.87 1 1
github.com/cbiale/sensorwave/compresor/compresion_utils.go:90.2,90.23 1 5
github.com/cbiale/sensorwave/compresor/compresion_utils.go:94.71,96.28 2 7
github.com/cbiale/sensorwave/compresor/compresion_utils.go:96.28,97.26 1 11
github.com/cbiale/sensorwave/compresor/compresion_utils.go:98.16,99.31 1 2
github.com/cbiale/sensorwave/compresor/compresion_utils.go:100.16,101.22 1 2
github.com/cbiale/sensorwave/compresor/compresion_utils.go:102.12,103.31 1 2
github.com/cbiale/sensorwave/compresor/compresion_utils.go:104.14,105.31 1 2
github.com/cbiale/sensorwave/compresor/compresion_utils.go:106.14,107.31 1 2
github.com/cbiale/sensorwave/compresor/compresion_utils.go:108.11,109.89 1 1
github.com/cbiale/sensorwave/compresor/compresion_utils.go:112.2,112.23 1 6
github.com/cbiale/sensorwave/compresor/compresion_utils.go:116.69,118.28 2 2
github.com/cbiale/sensorwave/compresor/compresion_utils.go:118.28,120.10 2 4
github.com/cbiale/sensorwave/compresor/compresion_utils.go:120.10,122.4 1 1
github.com/cbiale/sensorwave/compresor/compresion_utils.go:123.3,123.21 1 3
github.com/cbiale/sensorwave/compresor/compresion_utils.go:125.2,125.23 1 1
github.com/cbiale/sensorwave/compresor/compresion_utils.go:129.65,131.28 2 6
github.com/cbiale/sensorwave/compresor/compresion_utils.go:131.28,132.26 1 11
github.com/cbiale/sensorwave/compresor/compresion_utils.go:133.13,134.22 1 3
github.com/cbiale/sensorwave/compresor/compresion_utils.go:135.12,136.27 1 3
github.com/cbiale/sensorwave/compresor/compresion_utils.go:137.14,138.27 1 2
github.com/cbiale/sensorwave/compresor/compresion_utils.go:139.16,140.29 1 2
github.com/cbiale/sensorwave/compresor/compresion_utils.go:141.11,142.86 1 1
github.com/cbiale/sensorwave/compresor/compresion_utils.go:145.2,145.23 1 5
github.com/cbiale/sensorwave/compresor/compresion_utils.go:149.74,175.2 14 15
github.com/cbiale/sensorwave/compresor/compresion_utils.go:178.57,179.20 1 17
github.com/cbiale/sensorwave/compresor/compresion_utils.go:179.20,181.3 1 1
github.com/cbiale/sensorwave/compresor/compresion_utils.go:184.2,187.50 3 16
github.com/cbiale/sensorwave/compresor/compresion_utils.go:187.50,189.3 1 1
github.com/cbiale/sensorwave/compresor/compresion_utils.go:192.2,198.30 5 15
github.com/cbiale/sensorwave/compresor/compresion_xor.go:25.32,30.2 1 15
github.com/cbiale/sensorwave/compresor/compresion_xor.go:33.41,34.19 1 7540
github.com/cbiale/sensorwave/compresor/compresion_xor.go:34.19,36.3 1 948
github.com/cbiale/sensorwave/compresor/compresion_xor.go:38.2,38.9 1 7540
github.com/cbiale/sensorwave/compresor/compresion_xor.go:38.9,40.3 1 3886
github.com/cbiale/sensorwave/compresor/compresion_xor.go:42.2,43.19 2 7540
github.com/cbiale/sensorwave/compresor/compresion_xor.go:43.19,45.3 1 939
github.com/cbiale/sensorwave/compresor/compresion_xor.go:49.59,50.36 1 330
github.com/cbiale/sensorwave/compresor/compresion_xor.go:50.36,52.3 1 7297
github.com/cbiale/sensorwave/compresor/compresion_xor.go:56.40,58.2 1 15
github.com/cbiale/sensorwave/compresor/compresion_xor.go:61.69,63.23 1 10
github.com/cbiale/sensorwave/compresor/compresion_xor.go:63.23,65.3 1 1
github.com/cbiale/sensorwave/compresor/compresion_xor.go:67.2,82.36 8 9
github.com/cbiale/sensorwave/compresor/compresion_xor.go:82.36,88.15 3 123
github.com/cbiale/sensorwave/compresor/compresion_xor.go:88.15,90.12 2 3
github.com/cbiale/sensorwave/compresor/compresion_xor.go:95.3,107.30 5 120
github.com/cbiale/sensorwave/compresor/compresion_xor.go:107.30,115.4 4 87
github.com/cbiale/sensorwave/compresor/compresion_xor.go:115.9,133.4 7 33
github.com/cbiale/sensorwave/compresor/compresion_xor.go:135.3,135.30 1 120
github.com/cbiale/sensorwave/compresor/compresion_xor.go:138.2,138.31 1 9
github.com/cbiale/sensorwave/compresor/compresion_xor.go:148.43,153.2 1 15
github.com/cbiale/sensorwave/compresor/compresion_xor.go:156.46,157.31 1 7540
github.com/cbiale/sensorwave/compresor/compresion_xor.go:157.31,159.3 1 0
github.com/cbiale/sensorwave/compresor/compresion_xor.go:161.2,166.17 5 7540
github.com/cbiale/sensorwave/compresor/compresion_xor.go:170.60,172.31 2 330
github.com/cbiale/sensorwave/compresor/compresion_xor.go:172.31,174.17 2 7297
github.com/cbiale/sensorwave/compresor/compresion_xor.go:174.17,176.4 1 0
github.com/cbiale/sensorwave/compresor/compresion_xor.go:177.3,178.10 2 7297
github.com/cbiale/sensorwave/compresor/compresion_xor.go:178.10,180.4 1 3733
github.com/cbiale/sensorwave/compresor/compresion_xor.go:182.2,182.20 1 330
github.com/cbiale/sensorwave/compresor/compresion_xor.go:186.70,187.21 1 10
github.com/cbiale/sensorwave/compresor/compresion_xor.go:187.21,189.3 1 1
github.com/cbiale/sensorwave/compresor/compresion_xor.go:191.2,196.16 4 9
github.com/cbiale/sensorwave/compresor/compresion_xor.go:196.16,198.3 1 0
github.com/cbiale/sensorwave/compresor/compresion_xor.go:200.2,200.21 1 9
github.com/cbiale/sensorwave/compresor/compresion_xor.go:200.21,202.3 1 0
github.com/cbiale/sensorwave/compresor/compresion_xor.go:205.2,206.16 2 9
github.com/cbiale/sensorwave/compresor/compresion_xor.go:206.16,208.3 1 0
github.com/cbiale/sensorwave/compresor/compresion_xor.go:209.2,216.37 5 9
github.com/cbiale/sensorwave/compresor/compresion_xor.go:216.37,218.17 2 123
github.com/cbiale/sensorwave/compresor/compresion_xor.go:218.17,220.4 1 0
github.com/cbiale/sensorwave/compresor/compresion_xor.go:222.3,222.11 1 123
github.com/cbiale/sensorwave/compresor/compresion_xor.go:222.11,225.12 2 3
github.com/cbiale/sensorwave/compresor/compresion_xor.go:229.3,230.17 2 120
github.com/cbiale/sensorwave/compresor/compresion_xor.go:230.17,232.4 1 0
github.com/cbiale/sensorwave/compresor/compresion_xor.go:234.3,236.11 2 120
github.com/cbiale/sensorwave/compresor/compresion_xor.go:236.11,240.18 3 87
github.com/cbiale/sensorwave/compresor/compresion_xor.go:240.18,242.5 1 0
github.com/cbiale/sensorwave/compresor/compresion_xor.go:243.4,243.51 1 87
github.com/cbiale/sensorwave/compresor/compresion_xor.go:244.9,247.18 2 33
github.com/cbiale/sensorwave/compresor/compresion_xor.go:247.18,249.5 1 0
github.com/cbiale/sensorwave/compresor/compresion_xor.go:251.4,252.18 2 33
github.com/cbiale/sensorwave/compresor/compresion_xor.go:252.18,254.5 1 0
github.com/cbiale/sensorwave/compresor/compresion_xor.go:256.4,257.18 2 33
github.com/cbiale/sensorwave/compresor/compresion_xor.go:257.18,259.5 1 0
github.com/cbiale/sensorwave/compresor/compresion_xor.go:261.4,265.41 4 33
github.com/cbiale/sensorwave/compresor/compresion_xor.go:268.3,270.30 3 120
github.com/cbiale/sensorwave/compresor/compresion_xor.go:273.2,273.21 1 9
github.com/cbiale/sensorwave/compresor/compresion_zstd.go:12.65,14.21 1 5
github.com/cbiale/sensorwave/compresor/compresion_zstd.go:14.21,16.3 1 1
github.com/cbiale/sensorwave/compresor/compresion_zstd.go:19.5,20.19 2 4
github.com/cbiale/sensorwave/compresor/compresion_zstd.go:20.19,22.6 1 0
github.com/cbiale/sensorwave/compresor/compresion_zstd.go:23.5,29.24 3 4
github.com/cbiale/sensorwave/compresor/compresion_zstd.go:33.68,36.21 1 5
github.com/cbiale/sensorwave/compresor/compresion_zstd.go:36.21,38.3 1 1
github.com/cbiale/sensorwave/compresor/compresion_zstd.go:41.5,42.19 2 4
github.com/cbiale/sensorwave/compresor/compresion_zstd.go:42.19,44.6 1 0
github.com/cbiale/sensorwave/compresor/compresion_zstd.go:45.5,49.16 3 4
github.com/cbiale/sensorwave/compresor/compresion_zstd.go:49.16,51.3 1 0
github.com/cbiale/sensorwave/compresor/compresion_zstd.go:54.2,54.27 1 4
github.com/cbiale/sensorwave/edge/comunicacion_nube.go:22.46,24.22 1 3
github.com/cbiale/sensorwave/edge/comunicacion_nube.go:24.22,26.3 1 1
github.com/cbiale/sensorwave/edge/comunicacion_nube.go:29.2,31.35 3 2
github.com/cbiale/sensorwave/edge/comunicacion_nube.go:31.35,33.3 1 1
github.com/cbiale/sensorwave/edge/comunicacion_nube.go:34.2,51.16 4 2
github.com/cbiale/sensorwave/edge/comunicacion_nube.go:51.16,53.3 1 0
github.com/cbiale/sensorwave/edge/comunicacion_nube.go:57.2,66.16 4 2
github.com/cbiale/sensorwave/edge/comunicacion_nube.go:66.16,68.3 1 1
github.com/cbiale/sensorwave/edge/comunicacion_nube.go:70.2,71.12 2 1
github.com/cbiale/sensorwave/edge/comunicacion_nube.go:79.60,97.12 8 0
github.com/cbiale/sensorwave/edge/comunicacion_nube.go:97.12,100.80 3 0
github.com/cbiale/sensorwave/edge/comunicacion_nube.go:100.80,102.4 1 0
github.com/cbiale/sensorwave/edge/comunicacion_nube.go:105.2,105.14 1 0
github.com/cbiale/sensorwave/edge/comunicacion_nube.go:109.84,110.33 1 3
github.com/cbiale/sensorwave/edge/comunicacion_nube.go:110.33,113.3 2 1
github.com/cbiale/sensorwave/edge/comunicacion_nube.go:116.2,117.16 2 2
github.com/cbiale/sensorwave/edge/comunicacion_nube.go:117.16,120.3 2 0
github.com/cbiale/sensorwave/edge/comunicacion_nube.go:121.2,125.64 3 2
github.com/cbiale/sensorwave/edge/comunicacion_nube.go:125.64,128.3 2 1
github.com/cbiale/sensorwave/edge/comunicacion_nube.go:131.2,140.16 5 1
github.com/cbiale/sensorwave/edge/comunicacion_nube.go:140.16,142.3 1 0
github.com/cbiale/sensorwave/edge/comunicacion_nube.go:145.2,145.34 1 1
github.com/cbiale/sensorwave/edge/comunicacion_nube.go:149.85,150.33 1 1
github.com/cbiale/sensorwave/edge/comunicacion_nube.go:150.33,153.3 2 0
github.com/cbiale/sensorwave/edge/comunicacion_nube.go:156.2,157.16 2 1
github.com/cbiale/sensorwave/edge/comunicacion_nube.go:157.16,160.3 2 0
github.com/cbiale/sensorwave/edge/comunicacion_nube.go:161.2,165.64 3 1
github.com/cbiale/sensorwave/edge/comunicacion_nube.go:165.64,168.3 2 0
github.com/cbiale/sensorwave/edge/comunicacion_nube.go:171.2,172.35 2 1
github.com/cbiale/sensorwave/edge/comunicacion_nube.go:172.35,175.3 2 0
github.com/cbiale/sensorwave/edge/comunicacion_nube.go:176.2,176.32 1 1
github.com/cbiale/sensorwave/edge/comunicacion_nube.go:176.32,179.3 2 0
github.com/cbiale/sensorwave/edge/comunicacion_nube.go:182.2,188.16 3 1
github.com/cbiale/sensorwave/edge/comunicacion_nube.go:188.16,190.3 1 0
github.com/cbiale/sensorwave/edge/comunicacion_nube.go:193.2,193.34 1 1
github.com/cbiale/sensorwave/edge/comunicacion_nube.go:197.71,199.16 2 3
github.com/cbiale/sensorwave/edge/comunicacion_nube.go:199.16,202.3 2 0
github.com/cbiale/sensorwave/edge/comunicacion_nube.go:204.2,206.25 3 3
github.com/cbiale/sensorwave/edge/comunicacion_nube.go:210.66,213.2 2 2
github.com/cbiale/sensorwave/edge/comunicacion_nube.go:216.89,217.33 1 0
github.com/cbiale/sensorwave/edge/comunicacion_nube.go:217.33,220.3 2 0
github.com/cbiale/sensorwave/edge/comunicacion_nube.go:223.2,224.16 2 0
github.com/cbiale/sensorwave/edge/comunicacion_nube.go:224.16,227.3 2 0
github.com/cbiale/sensorwave/edge/comunicacion_nube.go:228.2,232.64 3 0
github.com/cbiale/sensorwave/edge/comunicacion_nube.go:232.64,235.3 2 0
github.com/cbiale/sensorwave/edge/comunicacion_nube.go:238.2,247.16 5 0
github.com/cbiale/sensorwave/edge/comunicacion_nube.go:247.16,249.3 1 0
github.com/cbiale/sensorwave/edge/comunicacion_nube.go:252.2,252.34 1 0
github.com/cbiale/sensorwave/edge/comunicacion_nube.go:256.97,257.33 1 0
github.com/cbiale/sensorwave/edge/comunicacion_nube.go:257.33,260.3 2 0
github.com/cbiale/sensorwave/edge/comunicacion_nube.go:263.2,264.16 2 0
github.com/cbiale/sensorwave/edge/comunicacion_nube.go:264.16,267.3 2 0
github.com/cbiale/sensorwave/edge/comunicacion_nube.go:268.2,272.64 3 0
github.com/cbiale/sensorwave/edge/comunicacion_nube.go:272.64,275.3 2 0
github.com/cbiale/sensorwave/edge/comunicacion_nube.go:278.2,288.16 6 0
github.com/cbiale/sensorwave/edge/comunicacion_nube.go:288.16,290.3 1 0
github.com/cbiale/sensorwave/edge/comunicacion_nube.go:293.2,293.34 1 0
github.com/cbiale/sensorwave/edge/consultas.go:28.125,31.16 2 16
github.com/cbiale/sensorwave/edge/consultas.go:31.16,33.3 1 3
github.com/cbiale/sensorwave/edge/consultas.go:36.2,40.31 3 13
github.com/cbiale/sensorwave/edge/consultas.go:40.31,42.17 2 14
github.com/cbiale/sensorwave/edge/consultas.go:42.17,43.12 1 0
github.com/cbiale/sensorwave/edge/consultas.go:47.3,47.27 1 14
github.com/cbiale/sensorwave/edge/consultas.go:47.27,48.12 1 4
github.com/cbiale/sensorwave/edge/consultas.go:52.3,52.44 1 10
github.com/cbiale/sensorwave/edge/consultas.go:52.44,54.4 1 10
github.com/cbiale/sensorwave/edge/consultas.go:57.3,57.32 1 10
github.com/cbiale/sensorwave/edge/consultas.go:57.32,60.4 2 29
github.com/cbiale/sensorwave/edge/consultas.go:64.2,64.77 1 13
github.com/cbiale/sensorwave/edge/consultas.go:68.151,71.39 2 13
github.com/cbiale/sensorwave/edge/consultas.go:71.39,73.3 1 10
github.com/cbiale/sensorwave/edge/consultas.go:74.2,78.34 3 13
github.com/cbiale/sensorwave/edge/consultas.go:78.34,80.3 1 27
github.com/cbiale/sensorwave/edge/consultas.go:81.2,81.51 1 13
github.com/cbiale/sensorwave/edge/consultas.go:81.51,83.3 1 18
github.com/cbiale/sensorwave/edge/consultas.go:86.2,87.39 2 13
github.com/cbiale/sensorwave/edge/consultas.go:87.39,89.3 1 10
github.com/cbiale/sensorwave/edge/consultas.go:92.2,96.42 4 13
github.com/cbiale/sensorwave/edge/consultas.go:96.42,98.40 2 27
github.com/cbiale/sensorwave/edge/consultas.go:98.40,99.60 1 29
github.com/cbiale/sensorwave/edge/consultas.go:99.60,100.58 1 29
github.com/cbiale/sensorwave/edge/consultas.go:100.58,102.6 1 29
github.com/cbiale/sensorwave/edge/consultas.go:108.2,112.3 1 13
github.com/cbiale/sensorwave/edge/consultas.go:116.124,132.16 8 14
github.com/cbiale/sensorwave/edge/consultas.go:132.16,134.3 1 0
github.com/cbiale/sensorwave/edge/consultas.go:135.2,138.46 2 14
github.com/cbiale/sensorwave/edge/consultas.go:138.46,143.94 2 10
github.com/cbiale/sensorwave/edge/consultas.go:143.94,144.12 1 0
github.com/cbiale/sensorwave/edge/consultas.go:147.3,152.17 4 10
github.com/cbiale/sensorwave/edge/consultas.go:152.17,154.12 2 0
github.com/cbiale/sensorwave/edge/consultas.go:158.3,158.39 1 10
github.com/cbiale/sensorwave/edge/consultas.go:158.39,159.79 1 29
github.com/cbiale/sensorwave/edge/consultas.go:159.79,161.5 1 29
github.com/cbiale/sensorwave/edge/consultas.go:165.2,165.37 1 14
github.com/cbiale/sensorwave/edge/consultas.go:165.37,167.3 1 0
github.com/cbiale/sensorwave/edge/consultas.go:170.2,170.60 1 14
github.com/cbiale/sensorwave/edge/consultas.go:170.60,175.38 3 0
github.com/cbiale/sensorwave/edge/consultas.go:175.38,177.79 2 0
github.com/cbiale/sensorwave/edge/consultas.go:177.79,179.5 1 0
github.com/cbiale/sensorwave/edge/consultas.go:182.3,182.21 1 0
github.com/cbiale/sensorwave/edge/consultas.go:185.2,185.24 1 14
github.com/cbiale/sensorwave/edge/consultas.go:199.132,202.16 2 3
github.com/cbiale/sensorwave/edge/consultas.go:202.16,204.3 1 0
github.com/cbiale/sensorwave/edge/consultas.go:207.2,214.31 3 3
github.com/cbiale/sensorwave/edge/consultas.go:214.31,216.17 2 3
github.com/cbiale/sensorwave/edge/consultas.go:216.17,217.12 1 0
github.com/cbiale/sensorwave/edge/consultas.go:219.3,223.5 1 3
github.com/cbiale/sensorwave/edge/consultas.go:226.2,226.22 1 3
github.com/cbiale/sensorwave/edge/consultas.go:226.22,228.3 1 0
github.com/cbiale/sensorwave/edge/consultas.go:231.2,231.41 1 3
github.com/cbiale/sensorwave/edge/consultas.go:231.41,233.3 1 0
github.com/cbiale/sensorwave/edge/consultas.go:236.2,242.27 2 3
github.com/cbiale/sensorwave/edge/consultas.go:242.27,246.3 3 3
github.com/cbiale/sensorwave/edge/consultas.go:248.2,248.23 1 3
github.com/cbiale/sensorwave/edge/consultas.go:254.129,256.45 1 3
github.com/cbiale/sensorwave/edge/consultas.go:256.45,258.17 2 0
github.com/cbiale/sensorwave/edge/consultas.go:258.17,260.4 1 0
github.com/cbiale/sensorwave/edge/consultas.go:261.3,261.26 1 0
github.com/cbiale/sensorwave/edge/consultas.go:261.26,263.4 1 0
github.com/cbiale/sensorwave/edge/consultas.go:265.3,266.35 2 0
github.com/cbiale/sensorwave/edge/consultas.go:266.35,267.40 1 0
github.com/cbiale/sensorwave/edge/consultas.go:267.40,269.5 1 0
github.com/cbiale/sensorwave/edge/consultas.go:271.3,271.29 1 0
github.com/cbiale/sensorwave/edge/consultas.go:276.2,276.60 1 3
github.com/cbiale/sensorwave/edge/consultas.go:276.60,281.24 4 2
github.com/cbiale/sensorwave/edge/consultas.go:281.24,284.39 2 2
github.com/cbiale/sensorwave/edge/consultas.go:284.39,285.55 1 2
github.com/cbiale/sensorwave/edge/consultas.go:285.55,287.6 1 2
github.com/cbiale/sensorwave/edge/consultas.go:289.4,289.30 1 2
github.com/cbiale/sensorwave/edge/consultas.go:294.2,302.16 5 1
github.com/cbiale/sensorwave/edge/consultas.go:302.16,304.3 1 0
github.com/cbiale/sensorwave/edge/consultas.go:305.2,308.18 2 1
github.com/cbiale/sensorwave/edge/consultas.go:308.18,310.3 1 0
github.com/cbiale/sensorwave/edge/consultas.go:312.2,316.16 4 1
github.com/cbiale/sensorwave/edge/consultas.go:316.16,318.3 1 0
github.com/cbiale/sensorwave/edge/consultas.go:320.2,320.26 1 1
github.com/cbiale/sensorwave/edge/consultas.go:320.26,322.3 1 0
github.com/cbiale/sensorwave/edge/consultas.go:325.2,326.35 2 1
github.com/cbiale/sensorwave/edge/consultas.go:326.35,327.39 1 2
github.com/cbiale/sensorwave/edge/consultas.go:327.39,329.4 1 2
github.com/cbiale/sensorwave/edge/consultas.go:332.2,332.28 1 1
github.com/cbiale/sensorwave/edge/consultas.go:336.95,340.22 2 14
github.com/cbiale/sensorwave/edge/consultas.go:340.22,342.3 1 1
github.com/cbiale/sensorwave/edge/consultas.go:344.2,346.28 3 13
github.com/cbiale/sensorwave/edge/consultas.go:346.28,348.3 1 0
github.com/cbiale/sensorwave/edge/consultas.go:350.2,353.32 3 13
github.com/cbiale/sensorwave/edge/consultas.go:353.32,355.3 1 0
github.com/cbiale/sensorwave/edge/consultas.go:360.2,360.58 1 13
github.com/cbiale/sensorwave/edge/consultas.go:360.58,362.3 1 2
github.com/cbiale/sensorwave/edge/consultas.go:364.2,364.14 1 11
github.com/cbiale/sensorwave/edge/consultas.go:370.75,371.33 1 21
github.com/cbiale/sensorwave/edge/consultas.go:371.33,373.17 2 3
github.com/cbiale/sensorwave/edge/consultas.go:373.17,375.4 1 0
github.com/cbiale/sensorwave/edge/consultas.go:376.3,376.23 1 3
github.com/cbiale/sensorwave/edge/consultas.go:376.23,378.4 1 1
github.com/cbiale/sensorwave/edge/consultas.go:379.3,379.21 1 2
github.com/cbiale/sensorwave/edge/consultas.go:383.2,384.16 2 18
github.com/cbiale/sensorwave/edge/consultas.go:384.16,386.3 1 2
github.com/cbiale/sensorwave/edge/consultas.go:387.2,387.34 1 16
github.com/cbiale/sensorwave/edge/consultas.go:401.38,404.16 2 9
github.com/cbiale/sensorwave/edge/consultas.go:404.16,406.3 1 2
github.com/cbiale/sensorwave/edge/consultas.go:409.2,412.52 3 7
github.com/cbiale/sensorwave/edge/consultas.go:412.52,415.42 2 7
github.com/cbiale/sensorwave/edge/consultas.go:415.42,416.57 1 19
github.com/cbiale/sensorwave/edge/consultas.go:416.57,418.19 2 19
github.com/cbiale/sensorwave/edge/consultas.go:418.19,420.45 1 0
github.com/cbiale/sensorwave/edge/consultas.go:420.45,422.7 1 0
github.com/cbiale/sensorwave/edge/consultas.go:422.12,423.15 1 0
github.com/cbiale/sensorwave/edge/consultas.go:426.5,426.56 1 19
github.com/cbiale/sensorwave/edge/consultas.go:430.3,430.30 1 7
github.com/cbiale/sensorwave/edge/consultas.go:430.30,432.18 2 7
github.com/cbiale/sensorwave/edge/consultas.go:432.18,435.5 2 7
github.com/cbiale/sensorwave/edge/consultas.go:439.2,439.30 1 7
github.com/cbiale/sensorwave/edge/consultas.go:439.30,441.3 1 1
github.com/cbiale/sensorwave/edge/consultas.go:443.2,446.8 1 6
github.com/cbiale/sensorwave/edge/consultas.go:464.46,465.20 1 4
github.com/cbiale/sensorwave/edge/consultas.go:465.20,467.3 1 1
github.com/cbiale/sensorwave/edge/consultas.go:470.2,471.16 2 3
github.com/cbiale/sensorwave/edge/consultas.go:471.16,473.3 1 0
github.com/cbiale/sensorwave/edge/consultas.go:476.2,476.63 1 3
github.com/cbiale/sensorwave/edge/consultas.go:476.63,478.3 1 1
github.com/cbiale/sensorwave/edge/consultas.go:481.2,488.34 5 2
github.com/cbiale/sensorwave/edge/consultas.go:488.34,490.34 2 3
github.com/cbiale/sensorwave/edge/consultas.go:490.34,492.4 1 3
github.com/cbiale/sensorwave/edge/consultas.go:496.2,499.49 3 2
github.com/cbiale/sensorwave/edge/consultas.go:499.49,501.47 2 7
github.com/cbiale/sensorwave/edge/consultas.go:501.47,502.12 1 0
github.com/cbiale/sensorwave/edge/consultas.go:505.3,505.49 1 7
github.com/cbiale/sensorwave/edge/consultas.go:505.49,507.20 2 7
github.com/cbiale/sensorwave/edge/consultas.go:507.20,508.13 1 0
github.com/cbiale/sensorwave/edge/consultas.go:511.4,512.18 2 7
github.com/cbiale/sensorwave/edge/consultas.go:512.18,513.44 1 0
github.com/cbiale/sensorwave/edge/consultas.go:513.44,515.6 1 0
github.com/cbiale/sensorwave/edge/consultas.go:515.11,516.14 1 0
github.com/cbiale/sensorwave/edge/consultas.go:519.4,519.89 1 7
github.com/cbiale/sensorwave/edge/consultas.go:524.2,525.34 2 2
github.com/cbiale/sensorwave/edge/consultas.go:525.34,527.34 2 3
github.com/cbiale/sensorwave/edge/consultas.go:527.34,528.36 1 3
github.com/cbiale/sensorwave/edge/consultas.go:528.36,530.5 1 0
github.com/cbiale/sensorwave/edge/consultas.go:530.10,532.19 2 3
github.com/cbiale/sensorwave/edge/consultas.go:532.19,534.6 1 0
github.com/cbiale/sensorwave/edge/consultas.go:534.11,536.6 1 3
github.com/cbiale/sensorwave/edge/consultas.go:541.2,545.8 1 2
github.com/cbiale/sensorwave/edge/consultas.go:549.71,551.55 2 2
github.com/cbiale/sensorwave/edge/consultas.go:551.55,553.3 1 3
github.com/cbiale/sensorwave/edge/consultas.go:554.2,554.16 1 2
github.com/cbiale/sensorwave/edge/consultas.go:558.83,559.27 1 7
github.com/cbiale/sensorwave/edge/consultas.go:559.27,561.3 1 0
github.com/cbiale/sensorwave/edge/consultas.go:562.2,563.23 2 7
github.com/cbiale/sensorwave/edge/consultas.go:563.23,565.3 1 0
github.com/cbiale/sensorwave/edge/consultas.go:566.2,566.12 1 7
github.com/cbiale/sensorwave/edge/consultas.go:570.60,571.27 1 29
github.com/cbiale/sensorwave/edge/consultas.go:572.15,573.16 1 27
github.com/cbiale/sensorwave/edge/consultas.go:574.13,575.25 1 1
github.com/cbiale/sensorwave/edge/consultas.go:576.10,577.73 1 1
github.com/cbiale/sensorwave/edge/edge.go:59.49,62.25 1 3
github.com/cbiale/sensorwave/edge/edge.go:62.25,64.3 1 0
github.com/cbiale/sensorwave/edge/edge.go:67.2,69.26 3 3
github.com/cbiale/sensorwave/edge/edge.go:69.26,71.28 1 1
github.com/cbiale/sensorwave/edge/edge.go:71.28,73.4 1 1
github.com/cbiale/sensorwave/edge/edge.go:74.3,75.17 2 0
github.com/cbiale/sensorwave/edge/edge.go:75.17,77.4 1 0
github.com/cbiale/sensorwave/edge/edge.go:78.8,80.28 1 2
github.com/cbiale/sensorwave/edge/edge.go:80.28,82.4 1 1
github.com/cbiale/sensorwave/edge/edge.go:86.2,87.24 2 1
github.com/cbiale/sensorwave/edge/edge.go:87.24,89.3 1 1
github.com/cbiale/sensorwave/edge/edge.go:91.2,92.24 2 1
github.com/cbiale/sensorwave/edge/edge.go:92.24,94.3 1 1
github.com/cbiale/sensorwave/edge/edge.go:97.2,98.16 2 1
github.com/cbiale/sensorwave/edge/edge.go:98.16,100.3 1 0
github.com/cbiale/sensorwave/edge/edge.go:103.2,104.16 2 1
github.com/cbiale/sensorwave/edge/edge.go:104.16,106.3 1 0
github.com/cbiale/sensorwave/edge/edge.go:109.2,121.22 2 1
github.com/cbiale/sensorwave/edge/edge.go:121.22,124.3 2 0
github.com/cbiale/sensorwave/edge/edge.go:127.2,129.31 2 1
github.com/cbiale/sensorwave/edge/edge.go:129.31,132.17 3 1
[...]
github.com/cbiale/sensorwave/edge/reglas.go:140.107,144.3 2 0
github.com/cbiale/sensorwave/edge/reglas.go:146.2,146.110 1 1
github.com/cbiale/sensorwave/edge/reglas.go:146.110,150.3 2 0
github.com/cbiale/sensorwave/edge/reglas.go:153.97,154.20 1 1013
github.com/cbiale/sensorwave/edge/reglas.go:154.20,156.3 1 1
github.com/cbiale/sensorwave/edge/reglas.go:158.2,166.43 4 1012
github.com/cbiale/sensorwave/edge/reglas.go:166.43,168.3 1 12
github.com/cbiale/sensorwave/edge/reglas.go:170.2,172.45 2 1012
github.com/cbiale/sensorwave/edge/reglas.go:172.45,174.3 1 5
github.com/cbiale/sensorwave/edge/reglas.go:176.2,176.36 1 1012
github.com/cbiale/sensorwave/edge/reglas.go:179.65,181.34 1 1012
github.com/cbiale/sensorwave/edge/reglas.go:181.34,182.20 1 0
github.com/cbiale/sensorwave/edge/reglas.go:182.20,183.12 1 0
github.com/cbiale/sensorwave/edge/reglas.go:186.3,186.51 1 0
github.com/cbiale/sensorwave/edge/reglas.go:186.51,187.64 1 0
github.com/cbiale/sensorwave/edge/reglas.go:187.64,189.5 1 0
github.com/cbiale/sensorwave/edge/reglas.go:192.3,192.31 1 0
github.com/cbiale/sensorwave/edge/reglas.go:195.2,195.12 1 1012
github.com/cbiale/sensorwave/edge/reglas.go:198.88,199.33 1 1
github.com/cbiale/sensorwave/edge/reglas.go:199.33,201.3 1 1
github.com/cbiale/sensorwave/edge/reglas.go:203.2,205.46 2 0
github.com/cbiale/sensorwave/edge/reglas.go:205.46,207.3 1 0
github.com/cbiale/sensorwave/edge/reglas.go:209.2,209.30 1 0
github.com/cbiale/sensorwave/edge/reglas.go:209.30,210.40 1 0
github.com/cbiale/sensorwave/edge/reglas.go:210.40,211.17 1 0
github.com/cbiale/sensorwave/edge/reglas.go:211.17,213.5 1 0
github.com/cbiale/sensorwave/edge/reglas.go:215.3,215.15 1 0
github.com/cbiale/sensorwave/edge/reglas.go:218.2,218.39 1 0
github.com/cbiale/sensorwave/edge/reglas.go:218.39,219.17 1 0
github.com/cbiale/sensorwave/edge/reglas.go:219.17,221.4 1 0
github.com/cbiale/sensorwave/edge/reglas.go:223.2,223.13 1 0
github.com/cbiale/sensorwave/edge/reglas.go:230.94,231.23 1 17
github.com/cbiale/sensorwave/edge/reglas.go:231.23,233.3 1 1
github.com/cbiale/sensorwave/edge/reglas.go:235.2,235.20 1 16
github.com/cbiale/sensorwave/edge/reglas.go:236.26,238.29 2 7
github.com/cbiale/sensorwave/edge/reglas.go:238.29,240.4 1 19
github.com/cbiale/sensorwave/edge/reglas.go:241.3,241.43 1 7
github.com/cbiale/sensorwave/edge/reglas.go:243.24,245.33 2 2
github.com/cbiale/sensorwave/edge/reglas.go:245.33,246.15 1 6
github.com/cbiale/sensorwave/edge/reglas.go:246.15,248.5 1 2
github.com/cbiale/sensorwave/edge/reglas.go:250.3,250.18 1 2
github.com/cbiale/sensorwave/edge/reglas.go:252.24,254.33 2 2
github.com/cbiale/sensorwave/edge/reglas.go:254.33,255.15 1 6
github.com/cbiale/sensorwave/edge/reglas.go:255.15,257.5 1 2
github.com/cbiale/sensorwave/edge/reglas.go:259.3,259.18 1 2
github.com/cbiale/sensorwave/edge/reglas.go:261.22,263.29 2 2
github.com/cbiale/sensorwave/edge/reglas.go:263.29,265.4 1 6
github.com/cbiale/sensorwave/edge/reglas.go:266.3,266.19 1 2
github.com/cbiale/sensorwave/edge/reglas.go:268.23,269.36 1 2
github.com/cbiale/sensorwave/edge/reglas.go:271.23,273.25 1 0
github.com/cbiale/sensorwave/edge/reglas.go:275.22,277.38 1 0
github.com/cbiale/sensorwave/edge/reglas.go:279.47,280.108 1 0
github.com/cbiale/sensorwave/edge/reglas.go:282.10,283.75 1 1
github.com/cbiale/sensorwave/edge/reglas.go:290.115,291.23 1 0
github.com/cbiale/sensorwave/edge/reglas.go:291.23,293.3 1 0
github.com/cbiale/sensorwave/edge/reglas.go:294.2,294.34 1 0
github.com/cbiale/sensorwave/edge/reglas.go:294.34,296.3 1 0
github.com/cbiale/sensorwave/edge/reglas.go:298.2,298.20 1 0
github.com/cbiale/sensorwave/edge/reglas.go:299.27,302.37 2 0
github.com/cbiale/sensorwave/edge/reglas.go:302.37,303.36 1 0
github.com/cbiale/sensorwave/edge/reglas.go:303.36,305.5 1 0
github.com/cbiale/sensorwave/edge/reglas.go:307.3,307.39 1 0
github.com/cbiale/sensorwave/edge/reglas.go:309.26,312.37 2 0
github.com/cbiale/sensorwave/edge/reglas.go:312.37,313.36 1 0
github.com/cbiale/sensorwave/edge/reglas.go:313.36,315.5 1 0
github.com/cbiale/sensorwave/edge/reglas.go:317.3,317.39 1 0
github.com/cbiale/sensorwave/edge/reglas.go:319.23,322.37 2 0
github.com/cbiale/sensorwave/edge/reglas.go:322.37,323.36 1 0
github.com/cbiale/sensorwave/edge/reglas.go:323.36,325.5 1 0
github.com/cbiale/sensorwave/edge/reglas.go:327.3,327.30 1 0
github.com/cbiale/sensorwave/edge/reglas.go:329.22,332.37 2 0
github.com/cbiale/sensorwave/edge/reglas.go:332.37,333.36 1 0
github.com/cbiale/sensorwave/edge/reglas.go:333.36,335.5 1 0
github.com/cbiale/sensorwave/edge/reglas.go:337.3,337.30 1 0
github.com/cbiale/sensorwave/edge/reglas.go:339.10,341.55 1 0
github.com/cbiale/sensorwave/edge/reglas.go:345.89,351.21 3 0
github.com/cbiale/sensorwave/edge/reglas.go:351.21,354.48 2 0
github.com/cbiale/sensorwave/edge/reglas.go:354.48,356.4 1 0
github.com/cbiale/sensorwave/edge/reglas.go:358.3,358.30 1 0
github.com/cbiale/sensorwave/edge/reglas.go:358.30,361.4 1 0
github.com/cbiale/sensorwave/edge/reglas.go:364.3,364.43 1 0
github.com/cbiale/sensorwave/edge/reglas.go:364.43,365.70 1 0
github.com/cbiale/sensorwave/edge/reglas.go:365.70,367.5 1 0
github.com/cbiale/sensorwave/edge/reglas.go:369.3,369.15 1 0
github.com/cbiale/sensorwave/edge/reglas.go:373.2,374.47 2 0
github.com/cbiale/sensorwave/edge/reglas.go:374.47,376.3 1 0
github.com/cbiale/sensorwave/edge/reglas.go:378.2,378.29 1 0
github.com/cbiale/sensorwave/edge/reglas.go:378.29,381.17 2 0
github.com/cbiale/sensorwave/edge/reglas.go:381.17,383.4 1 0
github.com/cbiale/sensorwave/edge/reglas.go:384.3,384.77 1 0
github.com/cbiale/sensorwave/edge/reglas.go:388.2,388.42 1 0
github.com/cbiale/sensorwave/edge/reglas.go:388.42,389.69 1 0
github.com/cbiale/sensorwave/edge/reglas.go:389.69,391.4 1 0
github.com/cbiale/sensorwave/edge/reglas.go:393.2,393.14 1 0
github.com/cbiale/sensorwave/edge/reglas.go:396.108,400.35 2 30
github.com/cbiale/sensorwave/edge/reglas.go:400.35,401.36 1 7
github.com/cbiale/sensorwave/edge/reglas.go:401.36,402.20 1 6
github.com/cbiale/sensorwave/edge/reglas.go:403.23,404.20 1 3
github.com/cbiale/sensorwave/edge/reglas.go:405.26,406.20 1 2
github.com/cbiale/sensorwave/edge/reglas.go:407.12,409.17 2 1
github.com/cbiale/sensorwave/edge/reglas.go:413.3,414.15 2 1
github.com/cbiale/sensorwave/edge/reglas.go:418.2,418.37 1 23
github.com/cbiale/sensorwave/edge/reglas.go:418.37,419.38 1 7
github.com/cbiale/sensorwave/edge/reglas.go:419.38,423.20 3 6
github.com/cbiale/sensorwave/edge/reglas.go:424.23,425.30 1 3
github.com/cbiale/sensorwave/edge/reglas.go:426.26,427.30 1 2
github.com/cbiale/sensorwave/edge/reglas.go:428.12,430.17 2 1
github.com/cbiale/sensorwave/edge/reglas.go:434.3,435.15 2 1
github.com/cbiale/sensorwave/edge/reglas.go:439.2,443.28 3 16
github.com/cbiale/sensorwave/edge/reglas.go:444.13,446.13 2 2
github.com/cbiale/sensorwave/edge/reglas.go:447.15,449.13 2 13
github.com/cbiale/sensorwave/edge/reglas.go:453.2,453.28 1 16
github.com/cbiale/sensorwave/edge/reglas.go:454.13,456.13 2 2
github.com/cbiale/sensorwave/edge/reglas.go:457.15,459.13 2 13
github.com/cbiale/sensorwave/edge/reglas.go:462.2,462.16 1 16
github.com/cbiale/sensorwave/edge/reglas.go:462.16,464.19 1 15
github.com/cbiale/sensorwave/edge/reglas.go:465.27,466.29 1 2
github.com/cbiale/sensorwave/edge/reglas.go:467.27,468.29 1 2
github.com/cbiale/sensorwave/edge/reglas.go:469.22,470.46 1 4
github.com/cbiale/sensorwave/edge/reglas.go:471.25,472.47 1 2
github.com/cbiale/sensorwave/edge/reglas.go:473.22,474.28 1 3
github.com/cbiale/sensorwave/edge/reglas.go:475.22,476.28 1 2
github.com/cbiale/sensorwave/edge/reglas.go:477.11,478.16 1 0
github.com/cbiale/sensorwave/edge/reglas.go:483.2,484.14 2 1
github.com/cbiale/sensorwave/edge/reglas.go:487.82,491.46 2 0
github.com/cbiale/sensorwave/edge/reglas.go:491.46,496.17 3 0
github.com/cbiale/sensorwave/edge/reglas.go:496.17,497.12 1 0
github.com/cbiale/sensorwave/edge/reglas.go:501.3,501.42 1 0
github.com/cbiale/sensorwave/edge/reglas.go:501.42,502.34 1 0
github.com/cbiale/sensorwave/edge/reglas.go:502.34,504.5 1 0
github.com/cbiale/sensorwave/edge/reglas.go:508.2,508.40 1 0
github.com/cbiale/sensorwave/edge/reglas.go:508.40,510.14 2 0
github.com/cbiale/sensorwave/edge/reglas.go:510.14,512.12 2 0
github.com/cbiale/sensorwave/edge/reglas.go:515.3,515.58 1 0
github.com/cbiale/sensorwave/edge/reglas.go:515.58,517.4 1 0
github.com/cbiale/sensorwave/edge/reglas.go:520.2,520.12 1 0
github.com/cbiale/sensorwave/edge/reglas.go:523.92,524.22 1 3
github.com/cbiale/sensorwave/edge/reglas.go:524.22,526.3 1 1
github.com/cbiale/sensorwave/edge/reglas.go:527.2,527.21 1 2
github.com/cbiale/sensorwave/edge/reglas.go:527.21,529.3 1 1
github.com/cbiale/sensorwave/edge/reglas.go:531.2,536.12 5 1
github.com/cbiale/sensorwave/edge/reglas.go:539.51,545.16 5 2
github.com/cbiale/sensorwave/edge/reglas.go:545.16,547.3 1 1
github.com/cbiale/sensorwave/edge/reglas.go:548.2,548.48 1 2
github.com/cbiale/sensorwave/edge/reglas.go:551.76,558.37 5 1
github.com/cbiale/sensorwave/edge/reglas.go:558.37,560.30 2 1
github.com/cbiale/sensorwave/edge/reglas.go:560.30,561.42 1 3
github.com/cbiale/sensorwave/edge/reglas.go:561.42,563.5 1 1
github.com/cbiale/sensorwave/edge/reglas.go:563.10,565.5 1 2
github.com/cbiale/sensorwave/edge/reglas.go:567.3,569.32 2 1
github.com/cbiale/sensorwave/edge/reglas.go:569.32,571.4 1 0
github.com/cbiale/sensorwave/edge/reglas.go:574.2,574.79 1 1
github.com/cbiale/sensorwave/edge/reglas.go:577.57,578.20 1 2
github.com/cbiale/sensorwave/edge/reglas.go:578.20,580.3 1 1
github.com/cbiale/sensorwave/edge/reglas.go:582.2,582.33 1 1
github.com/cbiale/sensorwave/edge/reglas.go:582.33,584.3 1 1
github.com/cbiale/sensorwave/edge/reglas.go:586.2,586.30 1 0
github.com/cbiale/sensorwave/edge/reglas.go:586.30,588.3 1 0
github.com/cbiale/sensorwave/edge/reglas.go:590.2,590.46 1 0
github.com/cbiale/sensorwave/edge/reglas.go:590.46,591.57 1 0
github.com/cbiale/sensorwave/edge/reglas.go:591.57,593.4 1 0
github.com/cbiale/sensorwave/edge/reglas.go:596.2,596.40 1 0
github.com/cbiale/sensorwave/edge/reglas.go:596.40,597.51 1 0
github.com/cbiale/sensorwave/edge/reglas.go:597.51,599.4 1 0
github.com/cbiale/sensorwave/edge/reglas.go:602.2,602.59 1 0
github.com/cbiale/sensorwave/edge/reglas.go:602.59,604.3 1 0
github.com/cbiale/sensorwave/edge/reglas.go:606.2,606.12 1 0
github.com/cbiale/sensorwave/edge/reglas.go:609.69,611.26 1 0
github.com/cbiale/sensorwave/edge/reglas.go:611.26,613.3 1 0
github.com/cbiale/sensorwave/edge/reglas.go:616.2,616.29 1 0
github.com/cbiale/sensorwave/edge/reglas.go:616.29,618.3 1 0
github.com/cbiale/sensorwave/edge/reglas.go:621.2,623.39 3 0
github.com/cbiale/sensorwave/edge/reglas.go:623.39,624.31 1 0
github.com/cbiale/sensorwave/edge/reglas.go:624.31,626.9 2 0
github.com/cbiale/sensorwave/edge/reglas.go:629.2,629.21 1 0
github.com/cbiale/sensorwave/edge/reglas.go:629.21,631.3 1 0
github.com/cbiale/sensorwave/edge/reglas.go:634.2,634.28 1 0
github.com/cbiale/sensorwave/edge/reglas.go:634.28,636.3 1 0
github.com/cbiale/sensorwave/edge/reglas.go:639.2,639.32 1 0
github.com/cbiale/sensorwave/edge/reglas.go:640.36,640.36 0 0
github.com/cbiale/sensorwave/edge/reglas.go:642.10,643.107 1 0
github.com/cbiale/sensorwave/edge/reglas.go:647.2,647.32 1 0
github.com/cbiale/sensorwave/edge/reglas.go:648.20,649.84 1 0
github.com/cbiale/sensorwave/edge/reglas.go:649.84,652.4 1 0
github.com/cbiale/sensorwave/edge/reglas.go:656.2,656.32 1 0
github.com/cbiale/sensorwave/edge/reglas.go:656.32,664.43 3 0
github.com/cbiale/sensorwave/edge/reglas.go:664.43,665.35 1 0
github.com/cbiale/sensorwave/edge/reglas.go:665.35,667.10 2 0
github.com/cbiale/sensorwave/edge/reglas.go:670.3,670.24 1 0
github.com/cbiale/sensorwave/edge/reglas.go:670.24,672.4 1 0
github.com/cbiale/sensorwave/edge/reglas.go:676.2,676.75 1 0
github.com/cbiale/sensorwave/edge/reglas.go:676.75,677.67 1 0
github.com/cbiale/sensorwave/edge/reglas.go:677.67,679.4 1 0
github.com/cbiale/sensorwave/edge/reglas.go:682.2,682.12 1 0
github.com/cbiale/sensorwave/edge/reglas.go:687.80,688.23 1 0
github.com/cbiale/sensorwave/edge/reglas.go:688.23,690.3 1 0
github.com/cbiale/sensorwave/edge/reglas.go:693.2,694.16 2 0
github.com/cbiale/sensorwave/edge/reglas.go:694.16,697.3 1 0
github.com/cbiale/sensorwave/edge/reglas.go:700.2,702.31 2 0
github.com/cbiale/sensorwave/edge/reglas.go:702.31,706.72 2 0
github.com/cbiale/sensorwave/edge/reglas.go:706.72,709.4 1 0
github.com/cbiale/sensorwave/edge/reglas.go:713.2,713.31 1 0
github.com/cbiale/sensorwave/edge/reglas.go:713.31,716.3 1 0
github.com/cbiale/sensorwave/edge/reglas.go:718.2,718.12 1 0
github.com/cbiale/sensorwave/edge/reglas.go:722.56,724.19 2 1
github.com/cbiale/sensorwave/edge/reglas.go:724.19,726.3 1 2
github.com/cbiale/sensorwave/edge/reglas.go:727.2,727.13 1 1
github.com/cbiale/sensorwave/edge/reglas.go:730.60,731.23 1 3
github.com/cbiale/sensorwave/edge/reglas.go:731.23,733.3 1 1
github.com/cbiale/sensorwave/edge/reglas.go:735.2,735.26 1 2
github.com/cbiale/sensorwave/edge/reglas.go:735.26,737.3 1 1
github.com/cbiale/sensorwave/edge/reglas.go:739.2,739.12 1 1
github.com/cbiale/sensorwave/edge/reglas.go:742.52,743.12 1 1
github.com/cbiale/sensorwave/edge/reglas.go:743.12,747.22 3 1
github.com/cbiale/sensorwave/edge/reglas.go:747.22,749.4 1 0
github.com/cbiale/sensorwave/edge/reglas.go:753.57,758.35 4 502
github.com/cbiale/sensorwave/edge/reglas.go:758.35,760.3 1 2
github.com/cbiale/sensorwave/edge/reglas.go:761.2,761.14 1 502
github.com/cbiale/sensorwave/edge/reglas.go:764.64,769.13 4 2
github.com/cbiale/sensorwave/edge/reglas.go:769.13,771.3 1 1
github.com/cbiale/sensorwave/edge/reglas.go:773.2,773.19 1 1
github.com/cbiale/sensorwave/edge/reglas.go:777.66,783.2 4 1
github.com/cbiale/sensorwave/edge/reglas.go:786.64,790.41 3 2
github.com/cbiale/sensorwave/edge/reglas.go:790.41,792.3 1 1
github.com/cbiale/sensorwave/edge/reglas.go:794.2,795.12 2 1
github.com/cbiale/sensorwave/edge/reglas.go:799.69,803.47 3 2
github.com/cbiale/sensorwave/edge/reglas.go:803.47,805.3 1 1
github.com/cbiale/sensorwave/edge/reglas.go:807.2,808.12 2 1
github.com/cbiale/sensorwave/edge/reglas.go:811.42,813.2 1 1
github.com/cbiale/sensorwave/edge/reglas.go:815.52,817.2 1 0
github.com/cbiale/sensorwave/edge/reglas.go:819.53,821.60 2 0
github.com/cbiale/sensorwave/edge/reglas.go:821.60,823.3 1 0
github.com/cbiale/sensorwave/edge/reglas.go:824.2,824.20 1 0
github.com/cbiale/sensorwave/edge/reglas.go:827.55,828.18 1 1
github.com/cbiale/sensorwave/edge/reglas.go:828.18,830.3 1 0
github.com/cbiale/sensorwave/edge/reglas.go:832.2,836.16 2 1
github.com/cbiale/sensorwave/edge/reglas.go:836.16,838.3 1 0
github.com/cbiale/sensorwave/edge/reglas.go:839.2,841.46 2 1
github.com/cbiale/sensorwave/edge/reglas.go:841.46,843.17 2 0
github.com/cbiale/sensorwave/edge/reglas.go:843.17,844.12 1 0
github.com/cbiale/sensorwave/edge/reglas.go:847.3,847.34 1 0
github.com/cbiale/sensorwave/edge/reglas.go:850.2,850.21 1 1
github.com/cbiale/sensorwave/edge/reglas.go:853.57,854.18 1 0
github.com/cbiale/sensorwave/edge/reglas.go:854.18,856.3 1 0
github.com/cbiale/sensorwave/edge/reglas.go:858.2,858.47 1 0
github.com/cbiale/sensorwave/edge/reglas.go:858.47,860.3 1 0
github.com/cbiale/sensorwave/edge/reglas.go:862.2,862.18 1 0
github.com/cbiale/sensorwave/edge/reglas.go:862.18,865.17 3 0
github.com/cbiale/sensorwave/edge/reglas.go:865.17,867.4 1 0
github.com/cbiale/sensorwave/edge/reglas.go:869.3,870.17 2 0
github.com/cbiale/sensorwave/edge/reglas.go:870.17,872.4 1 0
github.com/cbiale/sensorwave/edge/reglas.go:875.2,876.56 2 0
github.com/cbiale/sensorwave/edge/reglas.go:876.56,878.3 1 0
github.com/cbiale/sensorwave/edge/reglas.go:880.2,881.12 2 0
github.com/cbiale/sensorwave/edge/reglas.go:884.55,885.18 1 0
github.com/cbiale/sensorwave/edge/reglas.go:885.18,888.17 3 0
github.com/cbiale/sensorwave/edge/reglas.go:888.17,890.4 1 0
github.com/cbiale/sensorwave/edge/reglas.go:893.2,893.54 1 0
github.com/cbiale/sensorwave/edge/reglas.go:893.54,895.3 1 0
github.com/cbiale/sensorwave/edge/reglas.go:897.2,898.12 2 0
github.com/cbiale/sensorwave/edge/reglas.go:901.60,902.18 1 0
github.com/cbiale/sensorwave/edge/reglas.go:902.18,904.3 1 0
github.com/cbiale/sensorwave/edge/reglas.go:906.2,906.47 1 0
github.com/cbiale/sensorwave/edge/reglas.go:906.47,908.3 1 0
github.com/cbiale/sensorwave/edge/reglas.go:910.2,910.18 1 0
github.com/cbiale/sensorwave/edge/reglas.go:910.18,913.17 3 0
github.com/cbiale/sensorwave/edge/reglas.go:913.17,915.4 1 0
github.com/cbiale/sensorwave/edge/reglas.go:917.3,918.17 2 0
github.com/cbiale/sensorwave/edge/reglas.go:918.17,920.4 1 0
github.com/cbiale/sensorwave/edge/reglas.go:923.2,923.59 1 0
github.com/cbiale/sensorwave/edge/reglas.go:923.59,925.3 1 0
github.com/cbiale/sensorwave/edge/reglas.go:927.2,928.12 2 0
github.com/cbiale/sensorwave/edge/series.go:10.72,13.50 2 20
github.com/cbiale/sensorwave/edge/series.go:13.50,16.3 2 17
github.com/cbiale/sensorwave/edge/series.go:17.2,20.57 2 3
github.com/cbiale/sensorwave/edge/series.go:24.57,29.36 4 2
github.com/cbiale/sensorwave/edge/series.go:29.36,31.3 1 3
github.com/cbiale/sensorwave/edge/series.go:32.2,32.20 1 2
github.com/cbiale/sensorwave/edge/series.go:37.87,42.39 4 6
github.com/cbiale/sensorwave/edge/series.go:42.39,43.47 1 14
github.com/cbiale/sensorwave/edge/series.go:43.47,45.4 1 10
github.com/cbiale/sensorwave/edge/series.go:47.2,47.20 1 6
github.com/cbiale/sensorwave/edge/series.go:51.91,56.39 4 3
github.com/cbiale/sensorwave/edge/series.go:56.39,57.34 1 9
github.com/cbiale/sensorwave/edge/series.go:57.34,59.4 1 6
github.com/cbiale/sensorwave/edge/series.go:61.2,61.20 1 3
github.com/cbiale/sensorwave/edge/series.go:66.96,69.2 2 1
github.com/cbiale/sensorwave/edge/utils.go:18.55,19.18 1 10
github.com/cbiale/sensorwave/edge/utils.go:19.18,21.3 1 1
github.com/cbiale/sensorwave/edge/utils.go:24.2,25.16 2 9
github.com/cbiale/sensorwave/edge/utils.go:25.16,27.3 1 1
github.com/cbiale/sensorwave/edge/utils.go:30.2,30.40 1 8
github.com/cbiale/sensorwave/edge/utils.go:30.40,32.3 1 4
github.com/cbiale/sensorwave/edge/utils.go:35.2,35.22 1 4
github.com/cbiale/sensorwave/edge/utils.go:35.22,37.3 1 1
github.com/cbiale/sensorwave/edge/utils.go:39.2,39.20 1 4
github.com/cbiale/sensorwave/edge/utils.go:43.43,46.16 2 1
github.com/cbiale/sensorwave/edge/utils.go:46.16,48.3 1 0
github.com/cbiale/sensorwave/edge/utils.go:49.2,52.35 3 1
github.com/cbiale/sensorwave/edge/utils.go:56.29,58.16 2 101
github.com/cbiale/sensorwave/edge/utils.go:58.16,60.3 1 0
github.com/cbiale/sensorwave/edge/utils.go:61.2,62.50 2 101
github.com/cbiale/sensorwave/edge/utils.go:66.75,69.2 2 11
github.com/cbiale/sensorwave/edge/utils.go:72.37,73.80 1 27
github.com/cbiale/sensorwave/edge/utils.go:73.80,75.3 1 6
github.com/cbiale/sensorwave/edge/utils.go:78.2,79.29 2 21
github.com/cbiale/sensorwave/edge/utils.go:79.29,80.17 1 43
github.com/cbiale/sensorwave/edge/utils.go:80.17,82.4 1 2
github.com/cbiale/sensorwave/edge/utils.go:84.3,84.63 1 41
github.com/cbiale/sensorwave/edge/utils.go:84.63,86.4 1 4
github.com/cbiale/sensorwave/edge/utils.go:88.2,88.13 1 15
github.com/cbiale/sensorwave/edge/utils.go:92.53,93.22 1 17
github.com/cbiale/sensorwave/edge/utils.go:94.12,95.23 1 3
github.com/cbiale/sensorwave/edge/utils.go:96.75,97.23 1 4
github.com/cbiale/sensorwave/edge/utils.go:98.24,99.20 1 5
github.com/cbiale/sensorwave/edge/utils.go:100.14,101.20 1 4
github.com/cbiale/sensorwave/edge/utils.go:102.10,103.27 1 1
github.com/cbiale/sensorwave/edge/utils.go:108.77,112.36 2 9
github.com/cbiale/sensorwave/edge/utils.go:112.36,114.3 1 0
github.com/cbiale/sensorwave/edge/utils.go:117.2,117.31 1 9
github.com/cbiale/sensorwave/edge/utils.go:121.62,122.26 1 15
github.com/cbiale/sensorwave/edge/utils.go:122.26,124.3 1 5
github.com/cbiale/sensorwave/edge/utils.go:126.2,126.37 1 10
github.com/cbiale/sensorwave/edge/utils.go:126.37,127.75 1 13
github.com/cbiale/sensorwave/edge/utils.go:127.75,129.4 1 5
github.com/cbiale/sensorwave/edge/utils.go:132.2,132.13 1 5
